2024-03-21 08:17:57,867 [INFO] Activator:176 - 


2024-03-21 08:17:57,875 [INFO] Activator:177 - !SESSION log4j initialized
2024-03-21 08:18:09,224 [INFO] LogOutputStream:77 - [STDOUT_REDIRECT] 
2024-03-21 08:18:15,646 [INFO] ApplicationProperties:184 - Using Application install path: C:\ST\STM32CubeIDE_1.14.1\STM32CubeIDE\plugins\com.st.stm32cube.common.mx_6.10.0.202311202037
2024-03-21 08:18:15,669 [INFO] DbMcusXml:78 - Set database path to: C:\ST\STM32CubeIDE_1.14.1\STM32CubeIDE\plugins\com.st.stm32cube.common.mx_6.10.0.202311202037\\db\/mcu/
2024-03-21 08:18:15,669 [INFO] ApiDb:274 - Set plugin database path to: C:\ST\STM32CubeIDE_1.14.1\STM32CubeIDE\plugins\com.st.stm32cube.common.mx_6.10.0.202311202037\\db\/plugins/boardmanager/
2024-03-21 08:18:15,670 [WARN] ApiDb:259 - Overriding images path with different value:  => C:\ST\STM32CubeIDE_1.14.1\STM32CubeIDE\plugins\com.st.stm32cube.common.mx_6.10.0.202311202037\\db\/plugins/mcufinder/images/
2024-03-21 08:18:15,689 [INFO] ApiDb:250 - Set database path to: C:\Users\hussamaldean\.stmcufinder\plugins\mcufinder//mcu/
2024-03-21 08:18:15,690 [INFO] DbMcusAds:125 - Set database path to: C:\Users\hussamaldean\.stmcufinder\plugins\mcufinder//mcu/
2024-03-21 08:18:15,693 [INFO] CrossReferenceDbSqlite:203 - Set database path to: C:\Users\hussamaldean\.stmcufinder\plugins\mcufinder//mcu/cs/
2024-03-21 08:18:16,027 [INFO] RulesReader:64 - Compatibility file has been processed (297 Rules)
2024-03-21 08:18:16,204 [INFO] DbMcusXml:78 - Set database path to: C:\ST\STM32CubeIDE_1.14.1\STM32CubeIDE\plugins\com.st.stm32cube.common.mx_6.10.0.202311202037\\db\/mcu/
2024-03-21 08:18:16,204 [INFO] ApiDb:274 - Set plugin database path to: C:\ST\STM32CubeIDE_1.14.1\STM32CubeIDE\plugins\com.st.stm32cube.common.mx_6.10.0.202311202037\\db\/plugins/boardmanager/
2024-03-21 08:18:16,205 [INFO] ApiDb:261 - Set plugin images path to: C:\ST\STM32CubeIDE_1.14.1\STM32CubeIDE\plugins\com.st.stm32cube.common.mx_6.10.0.202311202037\\db\/plugins/mcufinder/images/
2024-03-21 08:18:16,205 [WARN] DbFile:41 - Overriding database path with different value: C:\Users\hussamaldean\.stmcufinder\plugins\mcufinder/ => C:\Users\hussamaldean\.stmcufinder\plugins\mcufinder
2024-03-21 08:18:16,205 [INFO] ApiDb:250 - Set database path to: C:\Users\hussamaldean\.stmcufinder\plugins\mcufinder//mcu/
2024-03-21 08:18:16,205 [WARN] DbFile:41 - Overriding database path with different value: C:\Users\hussamaldean\.stmcufinder\plugins\mcufinder/ => C:\Users\hussamaldean\.stmcufinder\plugins\mcufinder
2024-03-21 08:18:16,205 [INFO] DbMcusAds:125 - Set database path to: C:\Users\hussamaldean\.stmcufinder\plugins\mcufinder//mcu/
2024-03-21 08:18:16,205 [WARN] DbFile:41 - Overriding database path with different value: C:\Users\hussamaldean\.stmcufinder\plugins\mcufinder/ => C:\Users\hussamaldean\.stmcufinder\plugins\mcufinder
2024-03-21 08:18:16,206 [WARN] DbFile:41 - Overriding database path with different value: C:\Users\hussamaldean\.stmcufinder\plugins\mcufinder/ => C:\Users\hussamaldean\.stmcufinder\plugins\mcufinder
2024-03-21 08:18:16,206 [INFO] CrossReferenceDbSqlite:203 - Set database path to: C:\Users\hussamaldean\.stmcufinder\plugins\mcufinder//mcu/cs/
2024-03-21 08:18:16,318 [INFO] MainPanel:264 - HeapMemory: 268435456
2024-03-21 08:18:16,458 [INFO] DbMcusXml:78 - Set database path to: C:\ST\STM32CubeIDE_1.14.1\STM32CubeIDE\plugins\com.st.stm32cube.common.mx_6.10.0.202311202037\\db\/mcu/
2024-03-21 08:18:16,458 [INFO] ApiDb:274 - Set plugin database path to: C:\ST\STM32CubeIDE_1.14.1\STM32CubeIDE\plugins\com.st.stm32cube.common.mx_6.10.0.202311202037\\db\/plugins/boardmanager/
2024-03-21 08:18:16,458 [INFO] ApiDb:261 - Set plugin images path to: C:\ST\STM32CubeIDE_1.14.1\STM32CubeIDE\plugins\com.st.stm32cube.common.mx_6.10.0.202311202037\\db\/plugins/mcufinder/images/
2024-03-21 08:18:16,458 [WARN] DbFile:41 - Overriding database path with different value: C:\Users\hussamaldean\.stmcufinder\plugins\mcufinder/ => C:\Users\hussamaldean\.stmcufinder\plugins\mcufinder
2024-03-21 08:18:16,459 [INFO] ApiDb:250 - Set database path to: C:\Users\hussamaldean\.stmcufinder\plugins\mcufinder//mcu/
2024-03-21 08:18:16,459 [WARN] DbFile:41 - Overriding database path with different value: C:\Users\hussamaldean\.stmcufinder\plugins\mcufinder/ => C:\Users\hussamaldean\.stmcufinder\plugins\mcufinder
2024-03-21 08:18:16,459 [INFO] DbMcusAds:125 - Set database path to: C:\Users\hussamaldean\.stmcufinder\plugins\mcufinder//mcu/
2024-03-21 08:18:16,459 [WARN] DbFile:41 - Overriding database path with different value: C:\Users\hussamaldean\.stmcufinder\plugins\mcufinder/ => C:\Users\hussamaldean\.stmcufinder\plugins\mcufinder
2024-03-21 08:18:16,459 [WARN] DbFile:41 - Overriding database path with different value: C:\Users\hussamaldean\.stmcufinder\plugins\mcufinder/ => C:\Users\hussamaldean\.stmcufinder\plugins\mcufinder
2024-03-21 08:18:16,459 [INFO] CrossReferenceDbSqlite:203 - Set database path to: C:\Users\hussamaldean\.stmcufinder\plugins\mcufinder//mcu/cs/
2024-03-21 08:18:16,486 [INFO] ApplicationProperties:184 - Using Application install path: C:\ST\STM32CubeIDE_1.14.1\STM32CubeIDE\plugins\com.st.stm32cube.common.mx_6.10.0.202311202037
2024-03-21 08:18:16,488 [INFO] PluginManage:196 - Search for loadable plugins [exclusion list=, ]
2024-03-21 08:18:16,490 [INFO] PluginManage:310 - Check plugin analytics
2024-03-21 08:18:16,816 [INFO] AnalyticsPlugin:253 - Accepted Software Licenses: STM32CubeMX.6.10.0
2024-03-21 08:18:16,816 [INFO] AnalyticsPlugin:255 - Accepted CMSIS Pack Licenses: STMicroelectronics.X-CUBE-TOUCHGFX.4.22.0
2024-03-21 08:18:16,816 [INFO] AnalyticsPlugin:257 - Accepted Firmware Licenses: FW.H7.1.11.0
2024-03-21 08:18:16,824 [INFO] PluginManage:359 - Loaded plugin analytics (category:tool,tabindex:-1)
2024-03-21 08:18:16,826 [INFO] PluginManage:310 - Check plugin cadmodel
2024-03-21 08:18:16,849 [INFO] CADModel:105 - Init CAD model plugin
2024-03-21 08:18:16,849 [INFO] PluginManage:359 - Loaded plugin cadmodel (category:power,tabindex:5)
2024-03-21 08:18:16,850 [INFO] PluginManage:310 - Check plugin clock
2024-03-21 08:18:16,899 [INFO] PluginManage:359 - Loaded plugin clock (category:base,tabindex:2)
2024-03-21 08:18:16,899 [INFO] PluginManage:310 - Check plugin ddr
2024-03-21 08:18:16,910 [INFO] PluginManage:359 - Loaded plugin ddr (category:tool,tabindex:6)
2024-03-21 08:18:16,912 [INFO] PluginManage:310 - Check plugin filemanager
2024-03-21 08:18:17,265 [INFO] PluginManage:359 - Loaded plugin filemanager (category:base,tabindex:10)
2024-03-21 08:18:17,265 [INFO] PluginManage:310 - Check plugin ipmanager
2024-03-21 08:18:17,274 [INFO] PluginManage:359 - Loaded plugin ipmanager (category:base,tabindex:5)
2024-03-21 08:18:17,274 [INFO] PluginManage:310 - Check plugin lpbam
2024-03-21 08:18:17,295 [INFO] PluginManage:359 - Loaded plugin lpbam (category:base,tabindex:0)
2024-03-21 08:18:17,295 [INFO] PluginManage:310 - Check plugin memorymap
2024-03-21 08:18:17,322 [INFO] PluginManage:359 - Loaded plugin memorymap (category:base,tabindex:4)
2024-03-21 08:18:17,322 [INFO] PluginManage:310 - Check plugin pinoutandconfiguration
2024-03-21 08:18:17,342 [INFO] PluginManage:359 - Loaded plugin pinoutandconfiguration (category:base,tabindex:1)
2024-03-21 08:18:17,342 [INFO] PluginManage:310 - Check plugin pinoutconfig
2024-03-21 08:18:17,492 [WARN] SupportedApi:132 - Cannot load RTOS API schema: s4s-elt-must-match.1: The content of 'definitions' must match (annotation?, (simpleType | complexType)?, (unique | key | keyref)*)). A problem was found starting at: attribute.
2024-03-21 08:18:18,121 [INFO] PluginManage:359 - Loaded plugin pinoutconfig (category:base,tabindex:0)
2024-03-21 08:18:18,121 [INFO] PluginManage:310 - Check plugin power
2024-03-21 08:18:18,380 [INFO] PluginManage:359 - Loaded plugin power (category:power,tabindex:4)
2024-03-21 08:18:18,380 [INFO] PluginManage:310 - Check plugin projectmanager
2024-03-21 08:18:18,403 [INFO] PluginManage:359 - Loaded plugin projectmanager (category:projectmanager,tabindex:3)
2024-03-21 08:18:18,404 [INFO] PluginManage:310 - Check plugin thirdparty
2024-03-21 08:18:18,768 [WARN] IntegrityCheckThread:84 - waiting for thirdparty lock release [integrity check]
2024-03-21 08:18:18,768 [INFO] IntegrityCheckThread:86 - entering critical section [integrity check]
2024-03-21 08:18:18,770 [INFO] ThirdPartyUpdaterWithRetryManager:70 - Updater plugin not ready yet. [1/15]
2024-03-21 08:18:18,771 [INFO] PluginManage:359 - Loaded plugin thirdparty (category:base,tabindex:-1)
2024-03-21 08:18:18,771 [INFO] PluginManage:310 - Check plugin tools
2024-03-21 08:18:18,810 [INFO] PluginManage:359 - Loaded plugin tools (category:base,tabindex:7)
2024-03-21 08:18:18,810 [INFO] PluginManage:310 - Check plugin tutovideos
2024-03-21 08:18:19,059 [INFO] PluginManage:359 - Loaded plugin tutovideos (category:base,tabindex:-1)
2024-03-21 08:18:19,059 [INFO] PluginManage:310 - Check plugin updater
2024-03-21 08:18:19,076 [INFO] PluginManage:359 - Loaded plugin updater (category:base,tabindex:12)
2024-03-21 08:18:19,076 [INFO] PluginManage:310 - Check plugin userauth
2024-03-21 08:18:19,084 [INFO] UserAuth:114 - Init User Auth plugin
2024-03-21 08:18:19,084 [INFO] PluginManage:359 - Loaded plugin userauth (category:base,tabindex:14)
2024-03-21 08:18:19,085 [INFO] PluginManage:283 - PluginManage : Loaded plugins [17]
2024-03-21 08:18:19,399 [INFO] PinOutPanel:1499 - setPackage(No Configuration,No Configuration)
2024-03-21 08:18:19,512 [INFO] CADModel:165 - CPN selected for project level
2024-03-21 08:18:19,512 [INFO] CADModel:114 - Register for checkConnection events
2024-03-21 08:18:19,545 [INFO] IPUIPlugin:80 - create IPUIPlugin
2024-03-21 08:18:19,546 [INFO] PluginManager:220 - loadIPPluginJar : add adc
2024-03-21 08:18:19,604 [INFO] IPUIPlugin:80 - create IPUIPlugin
2024-03-21 08:18:19,604 [INFO] PluginManager:220 - loadIPPluginJar : add aes
2024-03-21 08:18:19,656 [INFO] IPUIPlugin:80 - create IPUIPlugin
2024-03-21 08:18:19,656 [INFO] PluginManager:220 - loadIPPluginJar : add can
2024-03-21 08:18:19,684 [INFO] IPUIPlugin:80 - create IPUIPlugin
2024-03-21 08:18:19,684 [INFO] PluginManager:220 - loadIPPluginJar : add comp
2024-03-21 08:18:19,718 [INFO] IPUIPlugin:80 - create IPUIPlugin
2024-03-21 08:18:19,718 [INFO] PluginManager:220 - loadIPPluginJar : add cryp
2024-03-21 08:18:19,748 [INFO] IPUIPlugin:80 - create IPUIPlugin
2024-03-21 08:18:19,748 [INFO] PluginManager:220 - loadIPPluginJar : add dfsdm
2024-03-21 08:18:19,766 [INFO] IPUIPlugin:80 - create IPUIPlugin
2024-03-21 08:18:19,766 [INFO] PluginManager:220 - loadIPPluginJar : add dma
2024-03-21 08:18:19,819 [INFO] IPUIPlugin:80 - create IPUIPlugin
2024-03-21 08:18:19,819 [INFO] PluginManager:220 - loadIPPluginJar : add dma3
2024-03-21 08:18:19,841 [INFO] IPUIPlugin:80 - create IPUIPlugin
2024-03-21 08:18:19,841 [INFO] PluginManager:220 - loadIPPluginJar : add fatfs
2024-03-21 08:18:19,891 [INFO] IPUIPlugin:80 - create IPUIPlugin
2024-03-21 08:18:19,891 [INFO] PluginManager:220 - loadIPPluginJar : add fmc
2024-03-21 08:18:19,909 [INFO] IPUIPlugin:80 - create IPUIPlugin
2024-03-21 08:18:19,909 [INFO] PluginManager:220 - loadIPPluginJar : add freertos
2024-03-21 08:18:19,933 [INFO] IPUIPlugin:80 - create IPUIPlugin
2024-03-21 08:18:19,933 [INFO] PluginManager:220 - loadIPPluginJar : add genericplugin
2024-03-21 08:18:20,018 [INFO] IPUIPlugin:80 - create IPUIPlugin
2024-03-21 08:18:20,018 [INFO] PluginManager:220 - loadIPPluginJar : add gfxmmu
2024-03-21 08:18:20,132 [INFO] IPUIPlugin:80 - create IPUIPlugin
2024-03-21 08:18:20,132 [INFO] PluginManager:220 - loadIPPluginJar : add gic
2024-03-21 08:18:20,148 [INFO] IPUIPlugin:80 - create IPUIPlugin
2024-03-21 08:18:20,148 [INFO] PluginManager:220 - loadIPPluginJar : add gpio
2024-03-21 08:18:20,236 [INFO] IPUIPlugin:80 - create IPUIPlugin
2024-03-21 08:18:20,236 [INFO] PluginManager:220 - loadIPPluginJar : add gtzc
2024-03-21 08:18:20,267 [INFO] IPUIPlugin:80 - create IPUIPlugin
2024-03-21 08:18:20,267 [INFO] PluginManager:220 - loadIPPluginJar : add hash
2024-03-21 08:18:20,317 [INFO] IPUIPlugin:80 - create IPUIPlugin
2024-03-21 08:18:20,317 [INFO] PluginManager:220 - loadIPPluginJar : add i2c
2024-03-21 08:18:20,355 [INFO] IPUIPlugin:80 - create IPUIPlugin
2024-03-21 08:18:20,355 [INFO] PluginManager:220 - loadIPPluginJar : add i2s
2024-03-21 08:18:20,392 [INFO] IPUIPlugin:80 - create IPUIPlugin
2024-03-21 08:18:20,392 [INFO] PluginManager:220 - loadIPPluginJar : add i3c
2024-03-21 08:18:20,484 [INFO] IPUIPlugin:80 - create IPUIPlugin
2024-03-21 08:18:20,484 [INFO] PluginManager:220 - loadIPPluginJar : add ipddr
2024-03-21 08:18:20,572 [INFO] IPUIPlugin:80 - create IPUIPlugin
2024-03-21 08:18:20,572 [INFO] PluginManager:220 - loadIPPluginJar : add linkedlist
2024-03-21 08:18:20,607 [INFO] IPUIPlugin:80 - create IPUIPlugin
2024-03-21 08:18:20,607 [INFO] PluginManager:220 - loadIPPluginJar : add lorawan
2024-03-21 08:18:20,641 [INFO] IPUIPlugin:80 - create IPUIPlugin
2024-03-21 08:18:20,641 [INFO] PluginManager:220 - loadIPPluginJar : add ltdc
2024-03-21 08:18:20,658 [INFO] IPUIPlugin:80 - create IPUIPlugin
2024-03-21 08:18:20,658 [INFO] PluginManager:220 - loadIPPluginJar : add mdma
2024-03-21 08:18:20,674 [INFO] IPUIPlugin:80 - create IPUIPlugin
2024-03-21 08:18:20,674 [INFO] PluginManager:220 - loadIPPluginJar : add nvic
2024-03-21 08:18:20,712 [INFO] IPUIPlugin:80 - create IPUIPlugin
2024-03-21 08:18:20,712 [INFO] PluginManager:220 - loadIPPluginJar : add opamp
2024-03-21 08:18:20,770 [INFO] IPUIPlugin:80 - create IPUIPlugin
2024-03-21 08:18:20,771 [INFO] PluginManager:220 - loadIPPluginJar : add openamp
2024-03-21 08:18:20,814 [INFO] IPUIPlugin:80 - create IPUIPlugin
2024-03-21 08:18:20,815 [INFO] PluginManager:220 - loadIPPluginJar : add pdm2pcm
2024-03-21 08:18:20,831 [INFO] IPUIPlugin:80 - create IPUIPlugin
2024-03-21 08:18:20,834 [INFO] PluginManager:220 - loadIPPluginJar : add plateformsettings
2024-03-21 08:18:20,868 [INFO] IPUIPlugin:80 - create IPUIPlugin
2024-03-21 08:18:20,869 [INFO] PluginManager:220 - loadIPPluginJar : add quadspi
2024-03-21 08:18:20,883 [INFO] IPUIPlugin:80 - create IPUIPlugin
2024-03-21 08:18:20,883 [INFO] PluginManager:220 - loadIPPluginJar : add resmgrutility
2024-03-21 08:18:20,936 [INFO] IPUIPlugin:80 - create IPUIPlugin
2024-03-21 08:18:20,936 [INFO] PluginManager:220 - loadIPPluginJar : add sai
2024-03-21 08:18:20,974 [INFO] IPUIPlugin:80 - create IPUIPlugin
2024-03-21 08:18:20,974 [INFO] PluginManager:220 - loadIPPluginJar : add spi
2024-03-21 08:18:21,045 [INFO] IPUIPlugin:80 - create IPUIPlugin
2024-03-21 08:18:21,045 [INFO] PluginManager:220 - loadIPPluginJar : add stm32_wpan
2024-03-21 08:18:21,068 [INFO] IPUIPlugin:80 - create IPUIPlugin
2024-03-21 08:18:21,069 [INFO] PluginManager:220 - loadIPPluginJar : add tim
2024-03-21 08:18:21,123 [INFO] IPUIPlugin:80 - create IPUIPlugin
2024-03-21 08:18:21,123 [INFO] PluginManager:220 - loadIPPluginJar : add touchsensing
2024-03-21 08:18:21,149 [INFO] IPUIPlugin:80 - create IPUIPlugin
2024-03-21 08:18:21,149 [INFO] PluginManager:220 - loadIPPluginJar : add tracer_emb
2024-03-21 08:18:21,174 [INFO] IPUIPlugin:80 - create IPUIPlugin
2024-03-21 08:18:21,174 [INFO] PluginManager:220 - loadIPPluginJar : add ts
2024-03-21 08:18:21,199 [INFO] IPUIPlugin:80 - create IPUIPlugin
2024-03-21 08:18:21,199 [INFO] PluginManager:220 - loadIPPluginJar : add tsc
2024-03-21 08:18:21,223 [INFO] IPUIPlugin:80 - create IPUIPlugin
2024-03-21 08:18:21,223 [INFO] PluginManager:220 - loadIPPluginJar : add ucpd
2024-03-21 08:18:21,268 [INFO] IPUIPlugin:80 - create IPUIPlugin
2024-03-21 08:18:21,269 [INFO] PluginManager:220 - loadIPPluginJar : add usart
2024-03-21 08:18:21,311 [INFO] IPUIPlugin:80 - create IPUIPlugin
2024-03-21 08:18:21,311 [INFO] PluginManager:220 - loadIPPluginJar : add usbx
2024-03-21 08:18:21,457 [INFO] CADModel:165 - CPN selected for project level
2024-03-21 08:18:21,457 [INFO] CADModel:114 - Register for checkConnection events
2024-03-21 08:18:21,457 [FATAL] Updater:308 - Updater called before beeing initialized
2024-03-21 08:18:21,457 [ERROR] CADModel:125 - Updater not yet initialized, retry later 
2024-03-21 08:18:21,641 [INFO] CADModel:165 - CPN selected for project level
2024-03-21 08:18:21,641 [INFO] CADModel:114 - Register for checkConnection events
2024-03-21 08:18:21,642 [FATAL] Updater:308 - Updater called before beeing initialized
2024-03-21 08:18:21,642 [ERROR] CADModel:125 - Updater not yet initialized, retry later 
2024-03-21 08:18:21,645 [FATAL] Updater:308 - Updater called before beeing initialized
2024-03-21 08:18:21,774 [INFO] ThirdPartyUpdaterWithRetryManager:70 - Updater plugin not ready yet. [2/15]
2024-03-21 08:18:21,797 [FATAL] Updater:308 - Updater called before beeing initialized
2024-03-21 08:18:21,807 [INFO] DbMcusAds:53 - JSON generation date=Wed Nov 29 13:52:27 AST 2023 (1701255147349)
2024-03-21 08:18:21,808 [FATAL] Updater:308 - Updater called before beeing initialized
2024-03-21 08:18:21,904 [WARN] DetailPanel:346 - Failed to get advertising image, set to default
2024-03-21 08:18:22,006 [FATAL] Updater:308 - Updater called before beeing initialized
2024-03-21 08:18:22,010 [FATAL] Updater:308 - Updater called before beeing initialized
2024-03-21 08:18:22,010 [FATAL] Updater:308 - Updater called before beeing initialized
2024-03-21 08:18:22,010 [WARN] DetailPanel:346 - Failed to get advertising image, set to default
2024-03-21 08:18:22,011 [FATAL] Updater:308 - Updater called before beeing initialized
2024-03-21 08:18:22,160 [ERROR] Updater:1120 - MainUpdater not yet initialized. External WinMGr cannot be set.
2024-03-21 08:18:22,187 [INFO] Updater:1056 - Updater Version found : 6.10.0
2024-03-21 08:18:22,288 [INFO] ApplicationProperties:184 - Using Application install path: C:\ST\STM32CubeIDE_1.14.1\STM32CubeIDE\plugins\com.st.stm32cube.common.mx_6.10.0.202311202037
2024-03-21 08:18:23,604 [INFO] MainUpdater:2873 - connection check result : 10
2024-03-21 08:18:23,604 [INFO] MainUpdater:290 - Updater Check For Update Now.
2024-03-21 08:18:23,605 [INFO] MicroXplorer:498 - Change Database Version : DB.6.0.100
2024-03-21 08:18:23,623 [INFO] McuFinderGlobals:63 - Set McuFinder mode to 2 (CubeIDE integrated)
2024-03-21 08:18:23,868 [INFO] CheckServerUpdateThread:120 - End of CheckServer Thread
2024-03-21 08:18:24,359 [INFO] UserAuth:404 - Internet connection configuration mode: 1
2024-03-21 08:18:24,394 [INFO] JxBrowserEngine:152 - Initiate JxBrowser Engine with user profile folder
2024-03-21 08:18:25,163 [WARN] PackLoader:240 - Cannot read IP mode file for STMicroelectronics.X-CUBE-SMBUS.2.1.0
2024-03-21 08:18:25,193 [WARN] PackLoader:240 - Cannot read IP mode file for STMicroelectronics.X-CUBE-TOUCHGFX.4.23.1
2024-03-21 08:18:25,400 [WARN] PackLoader:240 - Cannot read IP mode file for STMicroelectronics.X-CUBE-TOUCHGFX.4.23.0
2024-03-21 08:18:25,559 [WARN] PackLoader:240 - Cannot read IP mode file for STMicroelectronics.X-CUBE-AZRTOS-F7.1.1.0
2024-03-21 08:18:25,595 [WARN] PackLoader:240 - Cannot read IP mode file for STMicroelectronics.FP-SNS-MOTENV1.4.3.2
2024-03-21 08:18:25,614 [WARN] PackLoader:240 - Cannot read IP mode file for STMicroelectronics.FP-SNS-FLIGHT1.5.0.2
2024-03-21 08:18:25,638 [WARN] PackLoader:240 - Cannot read IP mode file for STMicroelectronics.X-CUBE-DISPLAY.3.0.0
2024-03-21 08:18:25,691 [WARN] PackLoader:240 - Cannot read IP mode file for STMicroelectronics.X-CUBE-BLE1.7.0.0
2024-03-21 08:18:25,708 [WARN] PackLoader:240 - Cannot read IP mode file for emotas.I-CUBE-CANOPEN.1.3.0
2024-03-21 08:18:25,731 [WARN] PackLoader:240 - Cannot read IP mode file for STMicroelectronics.X-CUBE-TOUCHGFX.4.22.0
2024-03-21 08:18:25,822 [WARN] PackLoader:240 - Cannot read IP mode file for STMicroelectronics.X-CUBE-BLEMGR.3.1.0
2024-03-21 08:18:25,842 [WARN] PackLoader:240 - Cannot read IP mode file for STMicroelectronics.FP-SNS-SMARTAG2.1.2.0
2024-03-21 08:18:25,871 [INFO] LogOutputStream:77 - [STDOUT_REDIRECT] 1 : Invalid condition id : UX_CORESTACK_Condition cause : null
2024-03-21 08:18:25,872 [INFO] LogOutputStream:77 - [STDOUT_REDIRECT] 1 : Invalid condition id : UX_CORESTACK_Condition cause : null
2024-03-21 08:18:25,874 [INFO] LogOutputStream:77 - [STDOUT_REDIRECT] 1 : Invalid condition id : UX_CORESTACK_Condition cause : null
2024-03-21 08:18:25,876 [INFO] LogOutputStream:77 - [STDOUT_REDIRECT] 1 : Invalid condition id : UX_CORESTACK_Condition cause : null
2024-03-21 08:18:25,878 [INFO] LogOutputStream:77 - [STDOUT_REDIRECT] 1 : Invalid condition id : UX_CORESTACK_Condition cause : null
2024-03-21 08:18:25,883 [WARN] PackLoader:240 - Cannot read IP mode file for STMicroelectronics.X-CUBE-AZRTOS-WL.2.0.0
2024-03-21 08:18:25,912 [WARN] PackLoader:240 - Cannot read IP mode file for WES.I-CUBE-Cesium.1.3.0
2024-03-21 08:18:25,927 [WARN] PackLoader:240 - Cannot read IP mode file for STMicroelectronics.X-CUBE-BLE2.3.3.0
2024-03-21 08:18:25,951 [WARN] PackLoader:240 - Cannot read IP mode file for STMicroelectronics.X-CUBE-ALGOBUILD.1.3.0
2024-03-21 08:18:26,005 [WARN] PackLoader:240 - Cannot read IP mode file for STMicroelectronics.X-CUBE-AZRTOS-G0.1.1.0
2024-03-21 08:18:26,025 [WARN] PackLoader:240 - Cannot read IP mode file for STMicroelectronics.X-CUBE-NFC4.3.0.0
2024-03-21 08:18:26,051 [WARN] PackLoader:240 - Cannot read IP mode file for STMicroelectronics.X-CUBE-BLEMGR.3.0.0
2024-03-21 08:18:26,070 [WARN] PackLoader:240 - Cannot read IP mode file for STMicroelectronics.FP-ATR-SIGFOX1.3.2.0
2024-03-21 08:18:26,089 [WARN] PackLoader:240 - Cannot read IP mode file for STMicroelectronics.X-CUBE-EEPRMA1.5.1.0
2024-03-21 08:18:26,143 [WARN] PackLoader:240 - Cannot read IP mode file for SEGGER.I-CUBE-embOS.1.3.1
2024-03-21 08:18:26,190 [WARN] PackLoader:240 - Cannot read IP mode file for STMicroelectronics.X-CUBE-GNSS1.6.0.0
2024-03-21 08:18:26,225 [WARN] PackLoader:240 - Cannot read IP mode file for STMicroelectronics.X-CUBE-AZRTOS-F4.1.1.0
2024-03-21 08:18:26,245 [WARN] PackLoader:240 - Cannot read IP mode file for wolfSSL.I-CUBE-wolfSSL.5.6.6
2024-03-21 08:18:26,644 [WARN] PackLoader:240 - Cannot read IP mode file for STMicroelectronics.X-CUBE-AZRTOS-L5.2.0.0
2024-03-21 08:18:26,663 [WARN] PackLoader:240 - Cannot read IP mode file for ITTIA_DB.I-CUBE-ITTIADB.8.8.0
2024-03-21 08:18:26,682 [WARN] PackLoader:240 - Cannot read IP mode file for STMicroelectronics.X-CUBE-NFC7.1.0.1
2024-03-21 08:18:26,697 [WARN] PackLoader:240 - Cannot read IP mode file for STMicroelectronics.X-CUBE-NFC6.3.0.0
2024-03-21 08:18:26,712 [WARN] PackLoader:240 - Cannot read IP mode file for STMicroelectronics.X-CUBE-AI.8.1.0
2024-03-21 08:18:26,742 [WARN] ConditionMgr:438 - getConditionDescription Invalid condition id : LAN8742 Phy interface Condition cause : null
2024-03-21 08:18:26,743 [WARN] PackLoader:240 - Cannot read IP mode file for STMicroelectronics.X-CUBE-AZRTOS-L4.2.0.0
2024-03-21 08:18:26,744 [WARN] ConditionMgr:1039 - genDependencies : Invalid condition id : LAN8742 Phy interface Condition cause : null
2024-03-21 08:18:26,744 [WARN] ConditionMgr:1039 - genDependencies : Invalid condition id : LAN8742 Phy interface Condition cause : null
2024-03-21 08:18:26,745 [WARN] ConditionMgr:1039 - genDependencies : Invalid condition id : LAN8742 Phy interface Condition cause : null
2024-03-21 08:18:26,760 [WARN] PackLoader:240 - Cannot read IP mode file for STMicroelectronics.X-CUBE-SFXS2LP1.4.0.0
2024-03-21 08:18:26,789 [WARN] ConditionMgr:438 - getConditionDescription Invalid condition id : UX DEVICE CLASS RTOS Condition cause : null
2024-03-21 08:18:26,789 [WARN] ConditionMgr:438 - getConditionDescription Invalid condition id : UX DEVICE CLASS RTOS Condition cause : null
2024-03-21 08:18:26,791 [WARN] PackLoader:240 - Cannot read IP mode file for STMicroelectronics.X-CUBE-AZRTOS-WB.2.0.0
2024-03-21 08:18:26,791 [WARN] ConditionMgr:1039 - genDependencies : Invalid condition id : UX DEVICE CLASS RTOS Condition cause : null
2024-03-21 08:18:26,791 [WARN] ConditionMgr:1039 - genDependencies : Invalid condition id : UX DEVICE CLASS RTOS Condition cause : null
2024-03-21 08:18:26,792 [WARN] ConditionMgr:1039 - genDependencies : Invalid condition id : UX DEVICE CLASS RTOS Condition cause : null
2024-03-21 08:18:26,792 [WARN] ConditionMgr:1039 - genDependencies : Invalid condition id : UX DEVICE CLASS RTOS Condition cause : null
2024-03-21 08:18:26,792 [WARN] ConditionMgr:1039 - genDependencies : Invalid condition id : UX DEVICE CLASS RTOS Condition cause : null
2024-03-21 08:18:26,813 [WARN] PackLoader:240 - Cannot read IP mode file for STMicroelectronics.X-CUBE-FREERTOS.1.0.1
2024-03-21 08:18:26,903 [WARN] PackLoader:240 - Cannot read IP mode file for STMicroelectronics.X-CUBE-SUBG2.5.0.0
2024-03-21 08:18:26,944 [WARN] PackLoader:240 - Cannot read IP mode file for STMicroelectronics.X-CUBE-AZRTOS-G4.2.0.0
2024-03-21 08:18:26,971 [WARN] PackLoader:240 - Cannot read IP mode file for Infineon.AIROC-Wi-Fi-Bluetooth-STM32.1.5.1
2024-03-21 08:18:26,990 [WARN] PackLoader:240 - Cannot read IP mode file for STMicroelectronics.FP-SNS-MOTENVWB1.1.3.1
2024-03-21 08:18:27,005 [WARN] PackLoader:240 - Cannot read IP mode file for STMicroelectronics.X-CUBE-ISPU.2.0.0
2024-03-21 08:18:27,059 [WARN] PackLoader:240 - Cannot read IP mode file for STMicroelectronics.X-CUBE-MEMS1.10.0.0
2024-03-21 08:18:27,182 [WARN] PackLoader:240 - Cannot read IP mode file for STMicroelectronics.X-CUBE-FREERTOS.1.1.0
2024-03-21 08:18:27,251 [WARN] PackLoader:240 - Cannot read IP mode file for portGmbH.I-Cube-SoM-uGOAL.1.1.0
2024-03-21 08:18:27,267 [WARN] PackLoader:240 - Cannot read IP mode file for STMicroelectronics.X-CUBE-ALS.1.0.1
2024-03-21 08:18:27,281 [WARN] PackLoader:240 - Cannot read IP mode file for STMicroelectronics.FP-ATR-ASTRA1.2.0.0
2024-03-21 08:18:27,304 [WARN] PackLoader:240 - Cannot read IP mode file for STMicroelectronics.X-CUBE-TOF1.3.4.0
2024-03-21 08:18:27,335 [WARN] PackLoader:240 - Cannot read IP mode file for STMicroelectronics.X-CUBE-TOF1.3.4.1
2024-03-21 08:18:27,390 [WARN] PackLoader:240 - Cannot read IP mode file for STMicroelectronics.X-CUBE-AZRTOS-H7.3.2.0
2024-03-21 08:18:27,393 [INFO] ThirdParty:978 - Integrity check success = true
2024-03-21 08:18:27,394 [INFO] IntegrityCheckThread:100 - exiting critical section [integrity check]
2024-03-21 08:18:27,394 [INFO] IntegrityCheckThread:103 - End integrity checks thread
2024-03-21 08:18:28,506 [INFO] WebApp:161 - Instantiating new browser for Auth
2024-03-21 08:18:29,401 [INFO] WebApp:780 - Register for checkConnection events
2024-03-21 08:18:29,401 [INFO] WebApp:414 - Apply proxy settings
2024-03-21 08:18:29,402 [INFO] WebApp:499 - Chromium requires no authentication
2024-03-21 08:18:29,411 [INFO] WebApp:442 - Direct internet connection detected
2024-03-21 08:18:29,866 [INFO] WebApp:192 - Starting web application
2024-03-21 08:18:29,867 [INFO] WebApp:544 - Web application path used C:\ST\STM32CubeIDE_1.14.1\STM32CubeIDE\plugins\com.st.stm32cube.common.mx_6.10.0.202311202037\db\plugins\mcufinder\reactClient1\index.html
2024-03-21 08:18:51,319 [ERROR] LogOutputStream:75 - [STDERR_REDIRECT] SLF4J: Failed to load class "org.slf4j.impl.StaticLoggerBinder".
2024-03-21 08:18:51,320 [ERROR] LogOutputStream:75 - [STDERR_REDIRECT] SLF4J: Defaulting to no-operation (NOP) logger implementation
2024-03-21 08:18:51,321 [ERROR] LogOutputStream:75 - [STDERR_REDIRECT] SLF4J: See http://www.slf4j.org/codes.html#StaticLoggerBinder for further details.
2024-03-21 11:01:21,314 [ERROR] AdobePublisher:162 - Exception while opening the connection: java.net.UnknownHostException: stmicroelectronics.d3.sc.omtrdc.net
2024-03-21 11:01:21,321 [ERROR] AdobePublisher:162 - Exception while opening the connection: java.net.UnknownHostException: stmicroelectronics.d3.sc.omtrdc.net
2024-03-21 11:01:21,322 [ERROR] AdobePublisher:162 - Exception while opening the connection: java.net.UnknownHostException: stmicroelectronics.d3.sc.omtrdc.net
2024-03-21 11:01:21,322 [ERROR] AdobePublisher:162 - Exception while opening the connection: java.net.UnknownHostException: stmicroelectronics.d3.sc.omtrdc.net
2024-03-21 11:01:21,322 [ERROR] AdobePublisher:162 - Exception while opening the connection: java.net.UnknownHostException: stmicroelectronics.d3.sc.omtrdc.net
2024-03-21 11:01:21,353 [ERROR] AdobePublisher:162 - Exception while opening the connection: java.net.UnknownHostException: stmicroelectronics.d3.sc.omtrdc.net
2024-03-21 11:01:21,354 [ERROR] AdobePublisher:162 - Exception while opening the connection: java.net.UnknownHostException: stmicroelectronics.d3.sc.omtrdc.net
2024-03-21 11:01:21,355 [ERROR] AdobePublisher:162 - Exception while opening the connection: java.net.UnknownHostException: stmicroelectronics.d3.sc.omtrdc.net
2024-03-21 11:01:21,355 [ERROR] AdobePublisher:162 - Exception while opening the connection: java.net.UnknownHostException: stmicroelectronics.d3.sc.omtrdc.net
2024-03-21 11:01:21,356 [ERROR] AdobePublisher:162 - Exception while opening the connection: java.net.UnknownHostException: stmicroelectronics.d3.sc.omtrdc.net
2024-03-21 11:01:23,253 [ERROR] LogOutputStream:75 - [STDERR_REDIRECT] 
2024-03-21 11:55:57,020 [INFO] Activator:176 - 


2024-03-21 11:55:57,022 [INFO] Activator:177 - !SESSION log4j initialized
2024-03-21 11:56:08,587 [INFO] LogOutputStream:77 - [STDOUT_REDIRECT] 
2024-03-21 11:56:14,096 [INFO] ApplicationProperties:184 - Using Application install path: C:\ST\STM32CubeIDE_1.14.1\STM32CubeIDE\plugins\com.st.stm32cube.common.mx_6.10.0.202311202037
2024-03-21 11:56:14,126 [INFO] DbMcusXml:78 - Set database path to: C:\ST\STM32CubeIDE_1.14.1\STM32CubeIDE\plugins\com.st.stm32cube.common.mx_6.10.0.202311202037\\db\/mcu/
2024-03-21 11:56:14,127 [INFO] ApiDb:274 - Set plugin database path to: C:\ST\STM32CubeIDE_1.14.1\STM32CubeIDE\plugins\com.st.stm32cube.common.mx_6.10.0.202311202037\\db\/plugins/boardmanager/
2024-03-21 11:56:14,127 [WARN] ApiDb:259 - Overriding images path with different value:  => C:\ST\STM32CubeIDE_1.14.1\STM32CubeIDE\plugins\com.st.stm32cube.common.mx_6.10.0.202311202037\\db\/plugins/mcufinder/images/
2024-03-21 11:56:14,149 [INFO] ApiDb:250 - Set database path to: C:\Users\hussamaldean\.stmcufinder\plugins\mcufinder//mcu/
2024-03-21 11:56:14,152 [INFO] DbMcusAds:125 - Set database path to: C:\Users\hussamaldean\.stmcufinder\plugins\mcufinder//mcu/
2024-03-21 11:56:14,160 [INFO] CrossReferenceDbSqlite:203 - Set database path to: C:\Users\hussamaldean\.stmcufinder\plugins\mcufinder//mcu/cs/
2024-03-21 11:56:14,563 [INFO] RulesReader:64 - Compatibility file has been processed (297 Rules)
2024-03-21 11:56:14,701 [INFO] DbMcusXml:78 - Set database path to: C:\ST\STM32CubeIDE_1.14.1\STM32CubeIDE\plugins\com.st.stm32cube.common.mx_6.10.0.202311202037\\db\/mcu/
2024-03-21 11:56:14,701 [INFO] ApiDb:274 - Set plugin database path to: C:\ST\STM32CubeIDE_1.14.1\STM32CubeIDE\plugins\com.st.stm32cube.common.mx_6.10.0.202311202037\\db\/plugins/boardmanager/
2024-03-21 11:56:14,702 [INFO] ApiDb:261 - Set plugin images path to: C:\ST\STM32CubeIDE_1.14.1\STM32CubeIDE\plugins\com.st.stm32cube.common.mx_6.10.0.202311202037\\db\/plugins/mcufinder/images/
2024-03-21 11:56:14,702 [WARN] DbFile:41 - Overriding database path with different value: C:\Users\hussamaldean\.stmcufinder\plugins\mcufinder/ => C:\Users\hussamaldean\.stmcufinder\plugins\mcufinder
2024-03-21 11:56:14,702 [INFO] ApiDb:250 - Set database path to: C:\Users\hussamaldean\.stmcufinder\plugins\mcufinder//mcu/
2024-03-21 11:56:14,702 [WARN] DbFile:41 - Overriding database path with different value: C:\Users\hussamaldean\.stmcufinder\plugins\mcufinder/ => C:\Users\hussamaldean\.stmcufinder\plugins\mcufinder
2024-03-21 11:56:14,702 [INFO] DbMcusAds:125 - Set database path to: C:\Users\hussamaldean\.stmcufinder\plugins\mcufinder//mcu/
2024-03-21 11:56:14,702 [WARN] DbFile:41 - Overriding database path with different value: C:\Users\hussamaldean\.stmcufinder\plugins\mcufinder/ => C:\Users\hussamaldean\.stmcufinder\plugins\mcufinder
2024-03-21 11:56:14,702 [WARN] DbFile:41 - Overriding database path with different value: C:\Users\hussamaldean\.stmcufinder\plugins\mcufinder/ => C:\Users\hussamaldean\.stmcufinder\plugins\mcufinder
2024-03-21 11:56:14,702 [INFO] CrossReferenceDbSqlite:203 - Set database path to: C:\Users\hussamaldean\.stmcufinder\plugins\mcufinder//mcu/cs/
2024-03-21 11:56:14,818 [INFO] MainPanel:264 - HeapMemory: 268435456
2024-03-21 11:56:14,954 [INFO] DbMcusXml:78 - Set database path to: C:\ST\STM32CubeIDE_1.14.1\STM32CubeIDE\plugins\com.st.stm32cube.common.mx_6.10.0.202311202037\\db\/mcu/
2024-03-21 11:56:14,954 [INFO] ApiDb:274 - Set plugin database path to: C:\ST\STM32CubeIDE_1.14.1\STM32CubeIDE\plugins\com.st.stm32cube.common.mx_6.10.0.202311202037\\db\/plugins/boardmanager/
2024-03-21 11:56:14,954 [INFO] ApiDb:261 - Set plugin images path to: C:\ST\STM32CubeIDE_1.14.1\STM32CubeIDE\plugins\com.st.stm32cube.common.mx_6.10.0.202311202037\\db\/plugins/mcufinder/images/
2024-03-21 11:56:14,956 [WARN] DbFile:41 - Overriding database path with different value: C:\Users\hussamaldean\.stmcufinder\plugins\mcufinder/ => C:\Users\hussamaldean\.stmcufinder\plugins\mcufinder
2024-03-21 11:56:14,956 [INFO] ApiDb:250 - Set database path to: C:\Users\hussamaldean\.stmcufinder\plugins\mcufinder//mcu/
2024-03-21 11:56:14,956 [WARN] DbFile:41 - Overriding database path with different value: C:\Users\hussamaldean\.stmcufinder\plugins\mcufinder/ => C:\Users\hussamaldean\.stmcufinder\plugins\mcufinder
2024-03-21 11:56:14,956 [INFO] DbMcusAds:125 - Set database path to: C:\Users\hussamaldean\.stmcufinder\plugins\mcufinder//mcu/
2024-03-21 11:56:14,956 [WARN] DbFile:41 - Overriding database path with different value: C:\Users\hussamaldean\.stmcufinder\plugins\mcufinder/ => C:\Users\hussamaldean\.stmcufinder\plugins\mcufinder
2024-03-21 11:56:14,956 [WARN] DbFile:41 - Overriding database path with different value: C:\Users\hussamaldean\.stmcufinder\plugins\mcufinder/ => C:\Users\hussamaldean\.stmcufinder\plugins\mcufinder
2024-03-21 11:56:14,956 [INFO] CrossReferenceDbSqlite:203 - Set database path to: C:\Users\hussamaldean\.stmcufinder\plugins\mcufinder//mcu/cs/
2024-03-21 11:56:14,978 [INFO] ApplicationProperties:184 - Using Application install path: C:\ST\STM32CubeIDE_1.14.1\STM32CubeIDE\plugins\com.st.stm32cube.common.mx_6.10.0.202311202037
2024-03-21 11:56:14,981 [INFO] PluginManage:196 - Search for loadable plugins [exclusion list=, ]
2024-03-21 11:56:14,982 [INFO] PluginManage:310 - Check plugin analytics
2024-03-21 11:56:15,293 [INFO] AnalyticsPlugin:253 - Accepted Software Licenses: STM32CubeMX.6.10.0
2024-03-21 11:56:15,294 [INFO] AnalyticsPlugin:255 - Accepted CMSIS Pack Licenses: STMicroelectronics.X-CUBE-TOUCHGFX.4.22.0
2024-03-21 11:56:15,294 [INFO] AnalyticsPlugin:257 - Accepted Firmware Licenses: FW.H7.1.11.0
2024-03-21 11:56:15,301 [INFO] PluginManage:359 - Loaded plugin analytics (category:tool,tabindex:-1)
2024-03-21 11:56:15,302 [INFO] PluginManage:310 - Check plugin cadmodel
2024-03-21 11:56:15,325 [INFO] CADModel:105 - Init CAD model plugin
2024-03-21 11:56:15,325 [INFO] PluginManage:359 - Loaded plugin cadmodel (category:power,tabindex:5)
2024-03-21 11:56:15,325 [INFO] PluginManage:310 - Check plugin clock
2024-03-21 11:56:15,361 [INFO] PluginManage:359 - Loaded plugin clock (category:base,tabindex:2)
2024-03-21 11:56:15,361 [INFO] PluginManage:310 - Check plugin ddr
2024-03-21 11:56:15,372 [INFO] PluginManage:359 - Loaded plugin ddr (category:tool,tabindex:6)
2024-03-21 11:56:15,372 [INFO] PluginManage:310 - Check plugin filemanager
2024-03-21 11:56:15,577 [INFO] PluginManage:359 - Loaded plugin filemanager (category:base,tabindex:10)
2024-03-21 11:56:15,578 [INFO] PluginManage:310 - Check plugin ipmanager
2024-03-21 11:56:15,587 [INFO] PluginManage:359 - Loaded plugin ipmanager (category:base,tabindex:5)
2024-03-21 11:56:15,587 [INFO] PluginManage:310 - Check plugin lpbam
2024-03-21 11:56:15,606 [INFO] PluginManage:359 - Loaded plugin lpbam (category:base,tabindex:0)
2024-03-21 11:56:15,606 [INFO] PluginManage:310 - Check plugin memorymap
2024-03-21 11:56:15,650 [INFO] PluginManage:359 - Loaded plugin memorymap (category:base,tabindex:4)
2024-03-21 11:56:15,650 [INFO] PluginManage:310 - Check plugin pinoutandconfiguration
2024-03-21 11:56:15,680 [INFO] PluginManage:359 - Loaded plugin pinoutandconfiguration (category:base,tabindex:1)
2024-03-21 11:56:15,681 [INFO] PluginManage:310 - Check plugin pinoutconfig
2024-03-21 11:56:15,829 [WARN] SupportedApi:132 - Cannot load RTOS API schema: s4s-elt-must-match.1: The content of 'definitions' must match (annotation?, (simpleType | complexType)?, (unique | key | keyref)*)). A problem was found starting at: attribute.
2024-03-21 11:56:16,063 [INFO] PluginManage:359 - Loaded plugin pinoutconfig (category:base,tabindex:0)
2024-03-21 11:56:16,063 [INFO] PluginManage:310 - Check plugin power
2024-03-21 11:56:16,091 [INFO] PluginManage:359 - Loaded plugin power (category:power,tabindex:4)
2024-03-21 11:56:16,092 [INFO] PluginManage:310 - Check plugin projectmanager
2024-03-21 11:56:16,120 [INFO] PluginManage:359 - Loaded plugin projectmanager (category:projectmanager,tabindex:3)
2024-03-21 11:56:16,120 [INFO] PluginManage:310 - Check plugin thirdparty
2024-03-21 11:56:16,538 [WARN] IntegrityCheckThread:84 - waiting for thirdparty lock release [integrity check]
2024-03-21 11:56:16,539 [INFO] IntegrityCheckThread:86 - entering critical section [integrity check]
2024-03-21 11:56:16,540 [INFO] ThirdPartyUpdaterWithRetryManager:70 - Updater plugin not ready yet. [1/15]
2024-03-21 11:56:16,540 [INFO] PluginManage:359 - Loaded plugin thirdparty (category:base,tabindex:-1)
2024-03-21 11:56:16,540 [INFO] PluginManage:310 - Check plugin tools
2024-03-21 11:56:16,575 [INFO] PluginManage:359 - Loaded plugin tools (category:base,tabindex:7)
2024-03-21 11:56:16,576 [INFO] PluginManage:310 - Check plugin tutovideos
2024-03-21 11:56:16,809 [INFO] PluginManage:359 - Loaded plugin tutovideos (category:base,tabindex:-1)
2024-03-21 11:56:16,810 [INFO] PluginManage:310 - Check plugin updater
2024-03-21 11:56:16,827 [INFO] PluginManage:359 - Loaded plugin updater (category:base,tabindex:12)
2024-03-21 11:56:16,827 [INFO] PluginManage:310 - Check plugin userauth
2024-03-21 11:56:16,836 [INFO] UserAuth:114 - Init User Auth plugin
2024-03-21 11:56:16,836 [INFO] PluginManage:359 - Loaded plugin userauth (category:base,tabindex:14)
2024-03-21 11:56:16,837 [INFO] PluginManage:283 - PluginManage : Loaded plugins [17]
2024-03-21 11:56:17,132 [INFO] PinOutPanel:1499 - setPackage(No Configuration,No Configuration)
2024-03-21 11:56:17,223 [INFO] CADModel:165 - CPN selected for project level
2024-03-21 11:56:17,223 [INFO] CADModel:114 - Register for checkConnection events
2024-03-21 11:56:17,253 [INFO] IPUIPlugin:80 - create IPUIPlugin
2024-03-21 11:56:17,253 [INFO] PluginManager:220 - loadIPPluginJar : add adc
2024-03-21 11:56:17,287 [INFO] IPUIPlugin:80 - create IPUIPlugin
2024-03-21 11:56:17,287 [INFO] PluginManager:220 - loadIPPluginJar : add aes
2024-03-21 11:56:17,327 [INFO] IPUIPlugin:80 - create IPUIPlugin
2024-03-21 11:56:17,327 [INFO] PluginManager:220 - loadIPPluginJar : add can
2024-03-21 11:56:17,347 [INFO] IPUIPlugin:80 - create IPUIPlugin
2024-03-21 11:56:17,348 [INFO] PluginManager:220 - loadIPPluginJar : add comp
2024-03-21 11:56:17,377 [INFO] IPUIPlugin:80 - create IPUIPlugin
2024-03-21 11:56:17,377 [INFO] PluginManager:220 - loadIPPluginJar : add cryp
2024-03-21 11:56:17,405 [INFO] IPUIPlugin:80 - create IPUIPlugin
2024-03-21 11:56:17,405 [INFO] PluginManager:220 - loadIPPluginJar : add dfsdm
2024-03-21 11:56:17,421 [INFO] IPUIPlugin:80 - create IPUIPlugin
2024-03-21 11:56:17,422 [INFO] PluginManager:220 - loadIPPluginJar : add dma
2024-03-21 11:56:17,464 [INFO] IPUIPlugin:80 - create IPUIPlugin
2024-03-21 11:56:17,464 [INFO] PluginManager:220 - loadIPPluginJar : add dma3
2024-03-21 11:56:17,483 [INFO] IPUIPlugin:80 - create IPUIPlugin
2024-03-21 11:56:17,483 [INFO] PluginManager:220 - loadIPPluginJar : add fatfs
2024-03-21 11:56:17,525 [INFO] IPUIPlugin:80 - create IPUIPlugin
2024-03-21 11:56:17,525 [INFO] PluginManager:220 - loadIPPluginJar : add fmc
2024-03-21 11:56:17,539 [INFO] IPUIPlugin:80 - create IPUIPlugin
2024-03-21 11:56:17,540 [INFO] PluginManager:220 - loadIPPluginJar : add freertos
2024-03-21 11:56:17,558 [INFO] IPUIPlugin:80 - create IPUIPlugin
2024-03-21 11:56:17,558 [INFO] PluginManager:220 - loadIPPluginJar : add genericplugin
2024-03-21 11:56:17,634 [INFO] IPUIPlugin:80 - create IPUIPlugin
2024-03-21 11:56:17,634 [INFO] PluginManager:220 - loadIPPluginJar : add gfxmmu
2024-03-21 11:56:17,744 [INFO] IPUIPlugin:80 - create IPUIPlugin
2024-03-21 11:56:17,745 [INFO] PluginManager:220 - loadIPPluginJar : add gic
2024-03-21 11:56:17,759 [INFO] IPUIPlugin:80 - create IPUIPlugin
2024-03-21 11:56:17,759 [INFO] PluginManager:220 - loadIPPluginJar : add gpio
2024-03-21 11:56:17,837 [INFO] IPUIPlugin:80 - create IPUIPlugin
2024-03-21 11:56:17,837 [INFO] PluginManager:220 - loadIPPluginJar : add gtzc
2024-03-21 11:56:17,866 [INFO] IPUIPlugin:80 - create IPUIPlugin
2024-03-21 11:56:17,866 [INFO] PluginManager:220 - loadIPPluginJar : add hash
2024-03-21 11:56:17,910 [INFO] IPUIPlugin:80 - create IPUIPlugin
2024-03-21 11:56:17,910 [INFO] PluginManager:220 - loadIPPluginJar : add i2c
2024-03-21 11:56:17,949 [INFO] IPUIPlugin:80 - create IPUIPlugin
2024-03-21 11:56:17,949 [INFO] PluginManager:220 - loadIPPluginJar : add i2s
2024-03-21 11:56:17,988 [INFO] IPUIPlugin:80 - create IPUIPlugin
2024-03-21 11:56:17,989 [INFO] PluginManager:220 - loadIPPluginJar : add i3c
2024-03-21 11:56:18,076 [INFO] IPUIPlugin:80 - create IPUIPlugin
2024-03-21 11:56:18,076 [INFO] PluginManager:220 - loadIPPluginJar : add ipddr
2024-03-21 11:56:18,146 [INFO] IPUIPlugin:80 - create IPUIPlugin
2024-03-21 11:56:18,147 [INFO] PluginManager:220 - loadIPPluginJar : add linkedlist
2024-03-21 11:56:18,179 [INFO] IPUIPlugin:80 - create IPUIPlugin
2024-03-21 11:56:18,179 [INFO] PluginManager:220 - loadIPPluginJar : add lorawan
2024-03-21 11:56:18,210 [INFO] IPUIPlugin:80 - create IPUIPlugin
2024-03-21 11:56:18,211 [INFO] PluginManager:220 - loadIPPluginJar : add ltdc
2024-03-21 11:56:18,223 [INFO] IPUIPlugin:80 - create IPUIPlugin
2024-03-21 11:56:18,224 [INFO] PluginManager:220 - loadIPPluginJar : add mdma
2024-03-21 11:56:18,234 [INFO] IPUIPlugin:80 - create IPUIPlugin
2024-03-21 11:56:18,235 [INFO] PluginManager:220 - loadIPPluginJar : add nvic
2024-03-21 11:56:18,268 [INFO] IPUIPlugin:80 - create IPUIPlugin
2024-03-21 11:56:18,269 [INFO] PluginManager:220 - loadIPPluginJar : add opamp
2024-03-21 11:56:18,326 [INFO] IPUIPlugin:80 - create IPUIPlugin
2024-03-21 11:56:18,326 [INFO] PluginManager:220 - loadIPPluginJar : add openamp
2024-03-21 11:56:18,367 [INFO] IPUIPlugin:80 - create IPUIPlugin
2024-03-21 11:56:18,367 [INFO] PluginManager:220 - loadIPPluginJar : add pdm2pcm
2024-03-21 11:56:18,380 [INFO] IPUIPlugin:80 - create IPUIPlugin
2024-03-21 11:56:18,383 [INFO] PluginManager:220 - loadIPPluginJar : add plateformsettings
2024-03-21 11:56:18,404 [INFO] IPUIPlugin:80 - create IPUIPlugin
2024-03-21 11:56:18,404 [INFO] PluginManager:220 - loadIPPluginJar : add quadspi
2024-03-21 11:56:18,415 [INFO] IPUIPlugin:80 - create IPUIPlugin
2024-03-21 11:56:18,416 [INFO] PluginManager:220 - loadIPPluginJar : add resmgrutility
2024-03-21 11:56:18,459 [INFO] IPUIPlugin:80 - create IPUIPlugin
2024-03-21 11:56:18,459 [INFO] PluginManager:220 - loadIPPluginJar : add sai
2024-03-21 11:56:18,493 [INFO] IPUIPlugin:80 - create IPUIPlugin
2024-03-21 11:56:18,493 [INFO] PluginManager:220 - loadIPPluginJar : add spi
2024-03-21 11:56:18,554 [INFO] IPUIPlugin:80 - create IPUIPlugin
2024-03-21 11:56:18,554 [INFO] PluginManager:220 - loadIPPluginJar : add stm32_wpan
2024-03-21 11:56:18,576 [INFO] IPUIPlugin:80 - create IPUIPlugin
2024-03-21 11:56:18,576 [INFO] PluginManager:220 - loadIPPluginJar : add tim
2024-03-21 11:56:18,626 [INFO] IPUIPlugin:80 - create IPUIPlugin
2024-03-21 11:56:18,626 [INFO] PluginManager:220 - loadIPPluginJar : add touchsensing
2024-03-21 11:56:18,647 [INFO] IPUIPlugin:80 - create IPUIPlugin
2024-03-21 11:56:18,647 [INFO] PluginManager:220 - loadIPPluginJar : add tracer_emb
2024-03-21 11:56:18,669 [INFO] IPUIPlugin:80 - create IPUIPlugin
2024-03-21 11:56:18,669 [INFO] PluginManager:220 - loadIPPluginJar : add ts
2024-03-21 11:56:18,690 [INFO] IPUIPlugin:80 - create IPUIPlugin
2024-03-21 11:56:18,690 [INFO] PluginManager:220 - loadIPPluginJar : add tsc
2024-03-21 11:56:18,711 [INFO] IPUIPlugin:80 - create IPUIPlugin
2024-03-21 11:56:18,711 [INFO] PluginManager:220 - loadIPPluginJar : add ucpd
2024-03-21 11:56:18,748 [INFO] IPUIPlugin:80 - create IPUIPlugin
2024-03-21 11:56:18,748 [INFO] PluginManager:220 - loadIPPluginJar : add usart
2024-03-21 11:56:18,786 [INFO] IPUIPlugin:80 - create IPUIPlugin
2024-03-21 11:56:18,786 [INFO] PluginManager:220 - loadIPPluginJar : add usbx
2024-03-21 11:56:18,921 [INFO] CADModel:165 - CPN selected for project level
2024-03-21 11:56:18,921 [INFO] CADModel:114 - Register for checkConnection events
2024-03-21 11:56:18,921 [FATAL] Updater:308 - Updater called before beeing initialized
2024-03-21 11:56:18,922 [ERROR] CADModel:125 - Updater not yet initialized, retry later 
2024-03-21 11:56:19,137 [INFO] CADModel:165 - CPN selected for project level
2024-03-21 11:56:19,137 [INFO] CADModel:114 - Register for checkConnection events
2024-03-21 11:56:19,137 [FATAL] Updater:308 - Updater called before beeing initialized
2024-03-21 11:56:19,137 [ERROR] CADModel:125 - Updater not yet initialized, retry later 
2024-03-21 11:56:19,142 [FATAL] Updater:308 - Updater called before beeing initialized
2024-03-21 11:56:19,366 [FATAL] Updater:308 - Updater called before beeing initialized
2024-03-21 11:56:19,388 [INFO] DbMcusAds:53 - JSON generation date=Wed Nov 29 13:52:27 AST 2023 (1701255147349)
2024-03-21 11:56:19,389 [FATAL] Updater:308 - Updater called before beeing initialized
2024-03-21 11:56:19,478 [WARN] DetailPanel:346 - Failed to get advertising image, set to default
2024-03-21 11:56:19,541 [INFO] ThirdPartyUpdaterWithRetryManager:70 - Updater plugin not ready yet. [2/15]
2024-03-21 11:56:19,574 [FATAL] Updater:308 - Updater called before beeing initialized
2024-03-21 11:56:19,577 [FATAL] Updater:308 - Updater called before beeing initialized
2024-03-21 11:56:19,577 [FATAL] Updater:308 - Updater called before beeing initialized
2024-03-21 11:56:19,577 [WARN] DetailPanel:346 - Failed to get advertising image, set to default
2024-03-21 11:56:19,578 [FATAL] Updater:308 - Updater called before beeing initialized
2024-03-21 11:56:19,651 [ERROR] Updater:1120 - MainUpdater not yet initialized. External WinMGr cannot be set.
2024-03-21 11:56:19,660 [INFO] Updater:1056 - Updater Version found : 6.10.0
2024-03-21 11:56:19,679 [INFO] ApplicationProperties:184 - Using Application install path: C:\ST\STM32CubeIDE_1.14.1\STM32CubeIDE\plugins\com.st.stm32cube.common.mx_6.10.0.202311202037
2024-03-21 11:56:20,512 [INFO] MainUpdater:2873 - connection check result : 10
2024-03-21 11:56:20,513 [INFO] MainUpdater:290 - Updater Check For Update Now.
2024-03-21 11:56:20,513 [INFO] MicroXplorer:498 - Change Database Version : DB.6.0.100
2024-03-21 11:56:20,558 [INFO] McuFinderGlobals:63 - Set McuFinder mode to 2 (CubeIDE integrated)
2024-03-21 11:56:20,745 [INFO] CheckServerUpdateThread:120 - End of CheckServer Thread
2024-03-21 11:56:21,363 [INFO] UserAuth:404 - Internet connection configuration mode: 1
2024-03-21 11:56:21,395 [INFO] JxBrowserEngine:152 - Initiate JxBrowser Engine with user profile folder
2024-03-21 11:56:22,765 [WARN] PackLoader:240 - Cannot read IP mode file for STMicroelectronics.X-CUBE-SMBUS.2.1.0
2024-03-21 11:56:22,786 [WARN] PackLoader:240 - Cannot read IP mode file for STMicroelectronics.X-CUBE-TOUCHGFX.4.23.1
2024-03-21 11:56:22,923 [WARN] PackLoader:240 - Cannot read IP mode file for STMicroelectronics.X-CUBE-TOUCHGFX.4.23.0
2024-03-21 11:56:23,036 [WARN] PackLoader:240 - Cannot read IP mode file for STMicroelectronics.X-CUBE-AZRTOS-F7.1.1.0
2024-03-21 11:56:23,062 [WARN] PackLoader:240 - Cannot read IP mode file for STMicroelectronics.FP-SNS-MOTENV1.4.3.2
2024-03-21 11:56:23,075 [WARN] PackLoader:240 - Cannot read IP mode file for STMicroelectronics.FP-SNS-FLIGHT1.5.0.2
2024-03-21 11:56:23,093 [WARN] PackLoader:240 - Cannot read IP mode file for STMicroelectronics.X-CUBE-DISPLAY.3.0.0
2024-03-21 11:56:23,119 [WARN] PackLoader:240 - Cannot read IP mode file for STMicroelectronics.X-CUBE-BLE1.7.0.0
2024-03-21 11:56:23,133 [WARN] PackLoader:240 - Cannot read IP mode file for emotas.I-CUBE-CANOPEN.1.3.0
2024-03-21 11:56:23,150 [WARN] PackLoader:240 - Cannot read IP mode file for STMicroelectronics.X-CUBE-TOUCHGFX.4.22.0
2024-03-21 11:56:23,226 [WARN] PackLoader:240 - Cannot read IP mode file for STMicroelectronics.X-CUBE-BLEMGR.3.1.0
2024-03-21 11:56:23,246 [WARN] PackLoader:240 - Cannot read IP mode file for STMicroelectronics.FP-SNS-SMARTAG2.1.2.0
2024-03-21 11:56:23,271 [INFO] LogOutputStream:77 - [STDOUT_REDIRECT] 1 : Invalid condition id : UX_CORESTACK_Condition cause : null
2024-03-21 11:56:23,271 [INFO] LogOutputStream:77 - [STDOUT_REDIRECT] 1 : Invalid condition id : UX_CORESTACK_Condition cause : null
2024-03-21 11:56:23,274 [INFO] LogOutputStream:77 - [STDOUT_REDIRECT] 1 : Invalid condition id : UX_CORESTACK_Condition cause : null
2024-03-21 11:56:23,276 [INFO] LogOutputStream:77 - [STDOUT_REDIRECT] 1 : Invalid condition id : UX_CORESTACK_Condition cause : null
2024-03-21 11:56:23,278 [INFO] LogOutputStream:77 - [STDOUT_REDIRECT] 1 : Invalid condition id : UX_CORESTACK_Condition cause : null
2024-03-21 11:56:23,282 [WARN] PackLoader:240 - Cannot read IP mode file for STMicroelectronics.X-CUBE-AZRTOS-WL.2.0.0
2024-03-21 11:56:23,315 [WARN] PackLoader:240 - Cannot read IP mode file for WES.I-CUBE-Cesium.1.3.0
2024-03-21 11:56:23,328 [WARN] PackLoader:240 - Cannot read IP mode file for STMicroelectronics.X-CUBE-BLE2.3.3.0
2024-03-21 11:56:23,346 [WARN] PackLoader:240 - Cannot read IP mode file for STMicroelectronics.X-CUBE-ALGOBUILD.1.3.0
2024-03-21 11:56:23,375 [WARN] PackLoader:240 - Cannot read IP mode file for STMicroelectronics.X-CUBE-AZRTOS-G0.1.1.0
2024-03-21 11:56:23,389 [WARN] PackLoader:240 - Cannot read IP mode file for STMicroelectronics.X-CUBE-NFC4.3.0.0
2024-03-21 11:56:23,404 [WARN] PackLoader:240 - Cannot read IP mode file for STMicroelectronics.X-CUBE-BLEMGR.3.0.0
2024-03-21 11:56:23,416 [WARN] PackLoader:240 - Cannot read IP mode file for STMicroelectronics.FP-ATR-SIGFOX1.3.2.0
2024-03-21 11:56:23,428 [WARN] PackLoader:240 - Cannot read IP mode file for STMicroelectronics.X-CUBE-EEPRMA1.5.1.0
2024-03-21 11:56:23,470 [WARN] PackLoader:240 - Cannot read IP mode file for SEGGER.I-CUBE-embOS.1.3.1
2024-03-21 11:56:23,522 [WARN] PackLoader:240 - Cannot read IP mode file for STMicroelectronics.X-CUBE-GNSS1.6.0.0
2024-03-21 11:56:23,558 [WARN] PackLoader:240 - Cannot read IP mode file for STMicroelectronics.X-CUBE-AZRTOS-F4.1.1.0
2024-03-21 11:56:23,602 [WARN] PackLoader:240 - Cannot read IP mode file for wolfSSL.I-CUBE-wolfSSL.5.6.6
2024-03-21 11:56:23,651 [WARN] PackLoader:240 - Cannot read IP mode file for STMicroelectronics.X-CUBE-AZRTOS-L5.2.0.0
2024-03-21 11:56:23,673 [WARN] PackLoader:240 - Cannot read IP mode file for ITTIA_DB.I-CUBE-ITTIADB.8.8.0
2024-03-21 11:56:23,689 [WARN] PackLoader:240 - Cannot read IP mode file for STMicroelectronics.X-CUBE-NFC7.1.0.1
2024-03-21 11:56:23,708 [WARN] PackLoader:240 - Cannot read IP mode file for STMicroelectronics.X-CUBE-NFC6.3.0.0
2024-03-21 11:56:23,724 [WARN] PackLoader:240 - Cannot read IP mode file for STMicroelectronics.X-CUBE-AI.8.1.0
2024-03-21 11:56:23,762 [WARN] ConditionMgr:438 - getConditionDescription Invalid condition id : LAN8742 Phy interface Condition cause : null
2024-03-21 11:56:23,763 [WARN] PackLoader:240 - Cannot read IP mode file for STMicroelectronics.X-CUBE-AZRTOS-L4.2.0.0
2024-03-21 11:56:23,765 [WARN] ConditionMgr:1039 - genDependencies : Invalid condition id : LAN8742 Phy interface Condition cause : null
2024-03-21 11:56:23,765 [WARN] ConditionMgr:1039 - genDependencies : Invalid condition id : LAN8742 Phy interface Condition cause : null
2024-03-21 11:56:23,766 [WARN] ConditionMgr:1039 - genDependencies : Invalid condition id : LAN8742 Phy interface Condition cause : null
2024-03-21 11:56:23,783 [WARN] PackLoader:240 - Cannot read IP mode file for STMicroelectronics.X-CUBE-SFXS2LP1.4.0.0
2024-03-21 11:56:23,814 [WARN] ConditionMgr:438 - getConditionDescription Invalid condition id : UX DEVICE CLASS RTOS Condition cause : null
2024-03-21 11:56:23,815 [WARN] ConditionMgr:438 - getConditionDescription Invalid condition id : UX DEVICE CLASS RTOS Condition cause : null
2024-03-21 11:56:23,822 [WARN] PackLoader:240 - Cannot read IP mode file for STMicroelectronics.X-CUBE-AZRTOS-WB.2.0.0
2024-03-21 11:56:23,823 [WARN] ConditionMgr:1039 - genDependencies : Invalid condition id : UX DEVICE CLASS RTOS Condition cause : null
2024-03-21 11:56:23,823 [WARN] ConditionMgr:1039 - genDependencies : Invalid condition id : UX DEVICE CLASS RTOS Condition cause : null
2024-03-21 11:56:23,824 [WARN] ConditionMgr:1039 - genDependencies : Invalid condition id : UX DEVICE CLASS RTOS Condition cause : null
2024-03-21 11:56:23,824 [WARN] ConditionMgr:1039 - genDependencies : Invalid condition id : UX DEVICE CLASS RTOS Condition cause : null
2024-03-21 11:56:23,824 [WARN] ConditionMgr:1039 - genDependencies : Invalid condition id : UX DEVICE CLASS RTOS Condition cause : null
2024-03-21 11:56:23,840 [WARN] PackLoader:240 - Cannot read IP mode file for STMicroelectronics.X-CUBE-FREERTOS.1.0.1
2024-03-21 11:56:23,906 [WARN] PackLoader:240 - Cannot read IP mode file for STMicroelectronics.X-CUBE-SUBG2.5.0.0
2024-03-21 11:56:23,939 [WARN] PackLoader:240 - Cannot read IP mode file for STMicroelectronics.X-CUBE-AZRTOS-G4.2.0.0
2024-03-21 11:56:23,962 [WARN] PackLoader:240 - Cannot read IP mode file for Infineon.AIROC-Wi-Fi-Bluetooth-STM32.1.5.1
2024-03-21 11:56:23,978 [WARN] PackLoader:240 - Cannot read IP mode file for STMicroelectronics.FP-SNS-MOTENVWB1.1.3.1
2024-03-21 11:56:23,992 [WARN] PackLoader:240 - Cannot read IP mode file for STMicroelectronics.X-CUBE-ISPU.2.0.0
2024-03-21 11:56:24,048 [WARN] PackLoader:240 - Cannot read IP mode file for STMicroelectronics.X-CUBE-MEMS1.10.0.0
2024-03-21 11:56:24,270 [WARN] PackLoader:240 - Cannot read IP mode file for STMicroelectronics.X-CUBE-FREERTOS.1.1.0
2024-03-21 11:56:24,388 [WARN] PackLoader:240 - Cannot read IP mode file for portGmbH.I-Cube-SoM-uGOAL.1.1.0
2024-03-21 11:56:24,401 [WARN] PackLoader:240 - Cannot read IP mode file for STMicroelectronics.X-CUBE-ALS.1.0.1
2024-03-21 11:56:24,414 [WARN] PackLoader:240 - Cannot read IP mode file for STMicroelectronics.FP-ATR-ASTRA1.2.0.0
2024-03-21 11:56:24,435 [WARN] PackLoader:240 - Cannot read IP mode file for STMicroelectronics.X-CUBE-TOF1.3.4.0
2024-03-21 11:56:24,468 [WARN] PackLoader:240 - Cannot read IP mode file for STMicroelectronics.X-CUBE-TOF1.3.4.1
2024-03-21 11:56:24,587 [WARN] PackLoader:240 - Cannot read IP mode file for STMicroelectronics.X-CUBE-AZRTOS-H7.3.2.0
2024-03-21 11:56:24,591 [INFO] ThirdParty:978 - Integrity check success = true
2024-03-21 11:56:24,591 [INFO] IntegrityCheckThread:100 - exiting critical section [integrity check]
2024-03-21 11:56:24,591 [INFO] IntegrityCheckThread:103 - End integrity checks thread
2024-03-21 11:56:25,147 [INFO] WebApp:161 - Instantiating new browser for Auth
2024-03-21 11:56:25,900 [INFO] WebApp:780 - Register for checkConnection events
2024-03-21 11:56:25,900 [INFO] WebApp:414 - Apply proxy settings
2024-03-21 11:56:25,900 [INFO] WebApp:499 - Chromium requires no authentication
2024-03-21 11:56:25,909 [INFO] WebApp:442 - Direct internet connection detected
2024-03-21 11:56:26,074 [INFO] WebApp:192 - Starting web application
2024-03-21 11:56:26,074 [INFO] WebApp:544 - Web application path used C:\ST\STM32CubeIDE_1.14.1\STM32CubeIDE\plugins\com.st.stm32cube.common.mx_6.10.0.202311202037\db\plugins\mcufinder\reactClient1\index.html
2024-03-21 11:56:47,283 [ERROR] LogOutputStream:75 - [STDERR_REDIRECT] SLF4J: Failed to load class "org.slf4j.impl.StaticLoggerBinder".
2024-03-21 11:56:47,284 [ERROR] LogOutputStream:75 - [STDERR_REDIRECT] SLF4J: Defaulting to no-operation (NOP) logger implementation
2024-03-21 11:56:47,285 [ERROR] LogOutputStream:75 - [STDERR_REDIRECT] SLF4J: See http://www.slf4j.org/codes.html#StaticLoggerBinder for further details.
2024-03-21 11:57:51,139 [ERROR] LogOutputStream:75 - [STDERR_REDIRECT] 
