2024-04-02 10:10:25,482 [INFO] Activator:176 - 


2024-04-02 10:10:25,491 [INFO] Activator:177 - !SESSION log4j initialized
2024-04-02 10:10:30,313 [INFO] LogOutputStream:77 - [STDOUT_REDIRECT] 
2024-04-02 10:10:34,185 [INFO] ApplicationProperties:184 - Using Application install path: C:\ST\STM32CubeIDE_1.14.1\STM32CubeIDE\plugins\com.st.stm32cube.common.mx_6.11.0.202403141607
2024-04-02 10:10:34,218 [INFO] DbMcusXml:78 - Set database path to: C:\ST\STM32CubeIDE_1.14.1\STM32CubeIDE\plugins\com.st.stm32cube.common.mx_6.11.0.202403141607\\db\/mcu/
2024-04-02 10:10:34,218 [INFO] ApiDb:274 - Set plugin database path to: C:\ST\STM32CubeIDE_1.14.1\STM32CubeIDE\plugins\com.st.stm32cube.common.mx_6.11.0.202403141607\\db\/plugins/boardmanager/
2024-04-02 10:10:34,219 [WARN] ApiDb:259 - Overriding images path with different value:  => C:\ST\STM32CubeIDE_1.14.1\STM32CubeIDE\plugins\com.st.stm32cube.common.mx_6.11.0.202403141607\\db\/plugins/mcufinder/images/
2024-04-02 10:10:34,237 [INFO] ApiDb:250 - Set database path to: C:\Users\hussamaldean\.stmcufinder\plugins\mcufinder//mcu/
2024-04-02 10:10:34,239 [INFO] DbMcusAds:125 - Set database path to: C:\Users\hussamaldean\.stmcufinder\plugins\mcufinder//mcu/
2024-04-02 10:10:34,241 [INFO] CrossReferenceDbSqlite:203 - Set database path to: C:\Users\hussamaldean\.stmcufinder\plugins\mcufinder//mcu/cs/
2024-04-02 10:10:34,447 [INFO] RulesReader:64 - Compatibility file has been processed (297 Rules)
2024-04-02 10:10:34,642 [INFO] DbMcusXml:78 - Set database path to: C:\ST\STM32CubeIDE_1.14.1\STM32CubeIDE\plugins\com.st.stm32cube.common.mx_6.11.0.202403141607\\db\/mcu/
2024-04-02 10:10:34,642 [INFO] ApiDb:274 - Set plugin database path to: C:\ST\STM32CubeIDE_1.14.1\STM32CubeIDE\plugins\com.st.stm32cube.common.mx_6.11.0.202403141607\\db\/plugins/boardmanager/
2024-04-02 10:10:34,642 [INFO] ApiDb:261 - Set plugin images path to: C:\ST\STM32CubeIDE_1.14.1\STM32CubeIDE\plugins\com.st.stm32cube.common.mx_6.11.0.202403141607\\db\/plugins/mcufinder/images/
2024-04-02 10:10:34,642 [WARN] DbFile:41 - Overriding database path with different value: C:\Users\hussamaldean\.stmcufinder\plugins\mcufinder/ => C:\Users\hussamaldean\.stmcufinder\plugins\mcufinder
2024-04-02 10:10:34,643 [INFO] ApiDb:250 - Set database path to: C:\Users\hussamaldean\.stmcufinder\plugins\mcufinder//mcu/
2024-04-02 10:10:34,643 [WARN] DbFile:41 - Overriding database path with different value: C:\Users\hussamaldean\.stmcufinder\plugins\mcufinder/ => C:\Users\hussamaldean\.stmcufinder\plugins\mcufinder
2024-04-02 10:10:34,643 [INFO] DbMcusAds:125 - Set database path to: C:\Users\hussamaldean\.stmcufinder\plugins\mcufinder//mcu/
2024-04-02 10:10:34,643 [WARN] DbFile:41 - Overriding database path with different value: C:\Users\hussamaldean\.stmcufinder\plugins\mcufinder/ => C:\Users\hussamaldean\.stmcufinder\plugins\mcufinder
2024-04-02 10:10:34,643 [WARN] DbFile:41 - Overriding database path with different value: C:\Users\hussamaldean\.stmcufinder\plugins\mcufinder/ => C:\Users\hussamaldean\.stmcufinder\plugins\mcufinder
2024-04-02 10:10:34,643 [INFO] CrossReferenceDbSqlite:203 - Set database path to: C:\Users\hussamaldean\.stmcufinder\plugins\mcufinder//mcu/cs/
2024-04-02 10:10:34,788 [INFO] MainPanel:264 - HeapMemory: 268435456
2024-04-02 10:10:34,921 [INFO] DbMcusXml:78 - Set database path to: C:\ST\STM32CubeIDE_1.14.1\STM32CubeIDE\plugins\com.st.stm32cube.common.mx_6.11.0.202403141607\\db\/mcu/
2024-04-02 10:10:34,921 [INFO] ApiDb:274 - Set plugin database path to: C:\ST\STM32CubeIDE_1.14.1\STM32CubeIDE\plugins\com.st.stm32cube.common.mx_6.11.0.202403141607\\db\/plugins/boardmanager/
2024-04-02 10:10:34,921 [INFO] ApiDb:261 - Set plugin images path to: C:\ST\STM32CubeIDE_1.14.1\STM32CubeIDE\plugins\com.st.stm32cube.common.mx_6.11.0.202403141607\\db\/plugins/mcufinder/images/
2024-04-02 10:10:34,922 [WARN] DbFile:41 - Overriding database path with different value: C:\Users\hussamaldean\.stmcufinder\plugins\mcufinder/ => C:\Users\hussamaldean\.stmcufinder\plugins\mcufinder
2024-04-02 10:10:34,922 [INFO] ApiDb:250 - Set database path to: C:\Users\hussamaldean\.stmcufinder\plugins\mcufinder//mcu/
2024-04-02 10:10:34,922 [WARN] DbFile:41 - Overriding database path with different value: C:\Users\hussamaldean\.stmcufinder\plugins\mcufinder/ => C:\Users\hussamaldean\.stmcufinder\plugins\mcufinder
2024-04-02 10:10:34,922 [INFO] DbMcusAds:125 - Set database path to: C:\Users\hussamaldean\.stmcufinder\plugins\mcufinder//mcu/
2024-04-02 10:10:34,922 [WARN] DbFile:41 - Overriding database path with different value: C:\Users\hussamaldean\.stmcufinder\plugins\mcufinder/ => C:\Users\hussamaldean\.stmcufinder\plugins\mcufinder
2024-04-02 10:10:34,922 [WARN] DbFile:41 - Overriding database path with different value: C:\Users\hussamaldean\.stmcufinder\plugins\mcufinder/ => C:\Users\hussamaldean\.stmcufinder\plugins\mcufinder
2024-04-02 10:10:34,922 [INFO] CrossReferenceDbSqlite:203 - Set database path to: C:\Users\hussamaldean\.stmcufinder\plugins\mcufinder//mcu/cs/
2024-04-02 10:10:34,944 [INFO] ApplicationProperties:184 - Using Application install path: C:\ST\STM32CubeIDE_1.14.1\STM32CubeIDE\plugins\com.st.stm32cube.common.mx_6.11.0.202403141607
2024-04-02 10:10:34,948 [INFO] PluginManage:196 - Search for loadable plugins [exclusion list=, ]
2024-04-02 10:10:34,952 [INFO] PluginManage:310 - Check plugin analytics
2024-04-02 10:10:35,277 [INFO] AnalyticsPlugin:253 - Accepted Software Licenses: STM32CubeMX.6.10.0
2024-04-02 10:10:35,277 [INFO] AnalyticsPlugin:255 - Accepted CMSIS Pack Licenses: STMicroelectronics.X-CUBE-TOUCHGFX.4.22.0
2024-04-02 10:10:35,277 [INFO] AnalyticsPlugin:257 - Accepted Firmware Licenses: FW.H7.1.11.0
2024-04-02 10:10:35,288 [INFO] PluginManage:359 - Loaded plugin analytics (category:tool,tabindex:-1)
2024-04-02 10:10:35,289 [INFO] PluginManage:310 - Check plugin cadmodel
2024-04-02 10:10:35,308 [INFO] CADModel:105 - Init CAD model plugin
2024-04-02 10:10:35,309 [INFO] PluginManage:359 - Loaded plugin cadmodel (category:power,tabindex:5)
2024-04-02 10:10:35,309 [INFO] PluginManage:310 - Check plugin clock
2024-04-02 10:10:35,334 [INFO] PluginManage:359 - Loaded plugin clock (category:base,tabindex:2)
2024-04-02 10:10:35,334 [INFO] PluginManage:310 - Check plugin ddr
2024-04-02 10:10:35,338 [INFO] PluginManage:359 - Loaded plugin ddr (category:tool,tabindex:6)
2024-04-02 10:10:35,338 [INFO] PluginManage:310 - Check plugin filemanager
2024-04-02 10:10:35,608 [INFO] PluginManage:359 - Loaded plugin filemanager (category:base,tabindex:10)
2024-04-02 10:10:35,608 [INFO] PluginManage:310 - Check plugin ipmanager
2024-04-02 10:10:35,616 [INFO] PluginManage:359 - Loaded plugin ipmanager (category:base,tabindex:5)
2024-04-02 10:10:35,616 [INFO] PluginManage:310 - Check plugin lpbam
2024-04-02 10:10:35,637 [INFO] PluginManage:359 - Loaded plugin lpbam (category:base,tabindex:0)
2024-04-02 10:10:35,637 [INFO] PluginManage:310 - Check plugin memorymap
2024-04-02 10:10:35,669 [INFO] PluginManage:359 - Loaded plugin memorymap (category:base,tabindex:4)
2024-04-02 10:10:35,669 [INFO] PluginManage:310 - Check plugin pinoutandconfiguration
2024-04-02 10:10:35,689 [INFO] PluginManage:359 - Loaded plugin pinoutandconfiguration (category:base,tabindex:1)
2024-04-02 10:10:35,689 [INFO] PluginManage:310 - Check plugin pinoutconfig
2024-04-02 10:10:35,809 [WARN] SupportedApi:132 - Cannot load RTOS API schema: s4s-elt-must-match.1: The content of 'definitions' must match (annotation?, (simpleType | complexType)?, (unique | key | keyref)*)). A problem was found starting at: attribute.
2024-04-02 10:10:36,029 [INFO] PluginManage:359 - Loaded plugin pinoutconfig (category:base,tabindex:0)
2024-04-02 10:10:36,029 [INFO] PluginManage:310 - Check plugin power
2024-04-02 10:10:36,053 [INFO] PluginManage:359 - Loaded plugin power (category:power,tabindex:4)
2024-04-02 10:10:36,053 [INFO] PluginManage:310 - Check plugin projectmanager
2024-04-02 10:10:36,071 [INFO] PluginManage:359 - Loaded plugin projectmanager (category:projectmanager,tabindex:3)
2024-04-02 10:10:36,071 [INFO] PluginManage:310 - Check plugin thirdparty
2024-04-02 10:10:36,392 [INFO] PluginManage:359 - Loaded plugin thirdparty (category:base,tabindex:-1)
2024-04-02 10:10:36,392 [WARN] IntegrityCheckThread:84 - waiting for thirdparty lock release [integrity check]
2024-04-02 10:10:36,393 [INFO] PluginManage:310 - Check plugin tools
2024-04-02 10:10:36,393 [INFO] IntegrityCheckThread:86 - entering critical section [integrity check]
2024-04-02 10:10:36,393 [INFO] ThirdPartyUpdaterWithRetryManager:70 - Updater plugin not ready yet. [1/15]
2024-04-02 10:10:36,427 [INFO] PluginManage:359 - Loaded plugin tools (category:base,tabindex:7)
2024-04-02 10:10:36,427 [INFO] PluginManage:310 - Check plugin tutovideos
2024-04-02 10:10:36,655 [INFO] PluginManage:359 - Loaded plugin tutovideos (category:base,tabindex:-1)
2024-04-02 10:10:36,655 [INFO] PluginManage:310 - Check plugin updater
2024-04-02 10:10:36,671 [INFO] PluginManage:359 - Loaded plugin updater (category:base,tabindex:12)
2024-04-02 10:10:36,671 [INFO] PluginManage:310 - Check plugin userauth
2024-04-02 10:10:36,680 [INFO] UserAuth:114 - Init User Auth plugin
2024-04-02 10:10:36,680 [INFO] PluginManage:359 - Loaded plugin userauth (category:base,tabindex:14)
2024-04-02 10:10:36,682 [INFO] PluginManage:283 - PluginManage : Loaded plugins [17]
2024-04-02 10:10:36,949 [INFO] PinOutPanel:1561 - setPackage(No Configuration,No Configuration)
2024-04-02 10:10:37,036 [INFO] CADModel:165 - CPN selected for project level
2024-04-02 10:10:37,036 [INFO] CADModel:114 - Register for checkConnection events
2024-04-02 10:10:37,069 [INFO] IPUIPlugin:80 - create IPUIPlugin
2024-04-02 10:10:37,070 [INFO] PluginManager:220 - loadIPPluginJar : add adc
2024-04-02 10:10:37,103 [INFO] IPUIPlugin:80 - create IPUIPlugin
2024-04-02 10:10:37,103 [INFO] PluginManager:220 - loadIPPluginJar : add aes
2024-04-02 10:10:37,143 [INFO] IPUIPlugin:80 - create IPUIPlugin
2024-04-02 10:10:37,143 [INFO] PluginManager:220 - loadIPPluginJar : add can
2024-04-02 10:10:37,163 [INFO] IPUIPlugin:80 - create IPUIPlugin
2024-04-02 10:10:37,164 [INFO] PluginManager:220 - loadIPPluginJar : add comp
2024-04-02 10:10:37,195 [INFO] IPUIPlugin:80 - create IPUIPlugin
2024-04-02 10:10:37,196 [INFO] PluginManager:220 - loadIPPluginJar : add cryp
2024-04-02 10:10:37,225 [INFO] IPUIPlugin:80 - create IPUIPlugin
2024-04-02 10:10:37,225 [INFO] PluginManager:220 - loadIPPluginJar : add dfsdm
2024-04-02 10:10:37,237 [INFO] IPUIPlugin:80 - create IPUIPlugin
2024-04-02 10:10:37,237 [INFO] PluginManager:220 - loadIPPluginJar : add dma
2024-04-02 10:10:37,276 [INFO] IPUIPlugin:80 - create IPUIPlugin
2024-04-02 10:10:37,276 [INFO] PluginManager:220 - loadIPPluginJar : add dma3
2024-04-02 10:10:37,315 [INFO] IPUIPlugin:80 - create IPUIPlugin
2024-04-02 10:10:37,315 [INFO] PluginManager:220 - loadIPPluginJar : add extmemmanager
2024-04-02 10:10:37,332 [INFO] IPUIPlugin:80 - create IPUIPlugin
2024-04-02 10:10:37,332 [INFO] PluginManager:220 - loadIPPluginJar : add fatfs
2024-04-02 10:10:37,378 [INFO] IPUIPlugin:80 - create IPUIPlugin
2024-04-02 10:10:37,379 [INFO] PluginManager:220 - loadIPPluginJar : add fmc
2024-04-02 10:10:37,398 [INFO] IPUIPlugin:80 - create IPUIPlugin
2024-04-02 10:10:37,398 [INFO] PluginManager:220 - loadIPPluginJar : add freertos
2024-04-02 10:10:37,417 [INFO] IPUIPlugin:80 - create IPUIPlugin
2024-04-02 10:10:37,417 [INFO] PluginManager:220 - loadIPPluginJar : add genericplugin
2024-04-02 10:10:37,506 [INFO] IPUIPlugin:80 - create IPUIPlugin
2024-04-02 10:10:37,506 [INFO] PluginManager:220 - loadIPPluginJar : add gfxmmu
2024-04-02 10:10:37,619 [INFO] IPUIPlugin:80 - create IPUIPlugin
2024-04-02 10:10:37,619 [INFO] PluginManager:220 - loadIPPluginJar : add gic
2024-04-02 10:10:37,631 [INFO] IPUIPlugin:80 - create IPUIPlugin
2024-04-02 10:10:37,631 [INFO] PluginManager:220 - loadIPPluginJar : add gpio
2024-04-02 10:10:37,708 [INFO] IPUIPlugin:80 - create IPUIPlugin
2024-04-02 10:10:37,708 [INFO] PluginManager:220 - loadIPPluginJar : add gtzc
2024-04-02 10:10:37,732 [INFO] IPUIPlugin:80 - create IPUIPlugin
2024-04-02 10:10:37,732 [INFO] PluginManager:220 - loadIPPluginJar : add hash
2024-04-02 10:10:37,777 [INFO] IPUIPlugin:80 - create IPUIPlugin
2024-04-02 10:10:37,777 [INFO] PluginManager:220 - loadIPPluginJar : add i2c
2024-04-02 10:10:37,812 [INFO] IPUIPlugin:80 - create IPUIPlugin
2024-04-02 10:10:37,812 [INFO] PluginManager:220 - loadIPPluginJar : add i2s
2024-04-02 10:10:37,851 [INFO] IPUIPlugin:80 - create IPUIPlugin
2024-04-02 10:10:37,852 [INFO] PluginManager:220 - loadIPPluginJar : add i3c
2024-04-02 10:10:37,954 [INFO] IPUIPlugin:80 - create IPUIPlugin
2024-04-02 10:10:37,954 [INFO] PluginManager:220 - loadIPPluginJar : add ipddr
2024-04-02 10:10:38,035 [INFO] IPUIPlugin:80 - create IPUIPlugin
2024-04-02 10:10:38,035 [INFO] PluginManager:220 - loadIPPluginJar : add linkedlist
2024-04-02 10:10:38,066 [INFO] IPUIPlugin:80 - create IPUIPlugin
2024-04-02 10:10:38,066 [INFO] PluginManager:220 - loadIPPluginJar : add lorawan
2024-04-02 10:10:38,102 [INFO] IPUIPlugin:80 - create IPUIPlugin
2024-04-02 10:10:38,103 [INFO] PluginManager:220 - loadIPPluginJar : add ltdc
2024-04-02 10:10:38,121 [INFO] IPUIPlugin:80 - create IPUIPlugin
2024-04-02 10:10:38,121 [INFO] PluginManager:220 - loadIPPluginJar : add mdma
2024-04-02 10:10:38,136 [INFO] IPUIPlugin:80 - create IPUIPlugin
2024-04-02 10:10:38,136 [INFO] PluginManager:220 - loadIPPluginJar : add nvic
2024-04-02 10:10:38,169 [INFO] IPUIPlugin:80 - create IPUIPlugin
2024-04-02 10:10:38,169 [INFO] PluginManager:220 - loadIPPluginJar : add opamp
2024-04-02 10:10:38,225 [INFO] IPUIPlugin:80 - create IPUIPlugin
2024-04-02 10:10:38,226 [INFO] PluginManager:220 - loadIPPluginJar : add openamp
2024-04-02 10:10:38,265 [INFO] IPUIPlugin:80 - create IPUIPlugin
2024-04-02 10:10:38,265 [INFO] PluginManager:220 - loadIPPluginJar : add pdm2pcm
2024-04-02 10:10:38,281 [INFO] IPUIPlugin:80 - create IPUIPlugin
2024-04-02 10:10:38,284 [INFO] PluginManager:220 - loadIPPluginJar : add plateformsettings
2024-04-02 10:10:38,306 [INFO] IPUIPlugin:80 - create IPUIPlugin
2024-04-02 10:10:38,306 [INFO] PluginManager:220 - loadIPPluginJar : add quadspi
2024-04-02 10:10:38,319 [INFO] IPUIPlugin:80 - create IPUIPlugin
2024-04-02 10:10:38,319 [INFO] PluginManager:220 - loadIPPluginJar : add resmgrutility
2024-04-02 10:10:38,368 [INFO] IPUIPlugin:80 - create IPUIPlugin
2024-04-02 10:10:38,368 [INFO] PluginManager:220 - loadIPPluginJar : add sai
2024-04-02 10:10:38,404 [INFO] IPUIPlugin:80 - create IPUIPlugin
2024-04-02 10:10:38,404 [INFO] PluginManager:220 - loadIPPluginJar : add spi
2024-04-02 10:10:38,469 [INFO] IPUIPlugin:80 - create IPUIPlugin
2024-04-02 10:10:38,471 [INFO] PluginManager:220 - loadIPPluginJar : add stm32_wpan
2024-04-02 10:10:38,493 [INFO] IPUIPlugin:80 - create IPUIPlugin
2024-04-02 10:10:38,493 [INFO] PluginManager:220 - loadIPPluginJar : add tim
2024-04-02 10:10:38,547 [INFO] IPUIPlugin:80 - create IPUIPlugin
2024-04-02 10:10:38,548 [INFO] PluginManager:220 - loadIPPluginJar : add touchsensing
2024-04-02 10:10:38,569 [INFO] IPUIPlugin:80 - create IPUIPlugin
2024-04-02 10:10:38,569 [INFO] PluginManager:220 - loadIPPluginJar : add tracer_emb
2024-04-02 10:10:38,591 [INFO] IPUIPlugin:80 - create IPUIPlugin
2024-04-02 10:10:38,591 [INFO] PluginManager:220 - loadIPPluginJar : add ts
2024-04-02 10:10:38,610 [INFO] IPUIPlugin:80 - create IPUIPlugin
2024-04-02 10:10:38,610 [INFO] PluginManager:220 - loadIPPluginJar : add tsc
2024-04-02 10:10:38,631 [INFO] IPUIPlugin:80 - create IPUIPlugin
2024-04-02 10:10:38,631 [INFO] PluginManager:220 - loadIPPluginJar : add ucpd
2024-04-02 10:10:38,670 [INFO] IPUIPlugin:80 - create IPUIPlugin
2024-04-02 10:10:38,671 [INFO] PluginManager:220 - loadIPPluginJar : add usart
2024-04-02 10:10:38,709 [INFO] IPUIPlugin:80 - create IPUIPlugin
2024-04-02 10:10:38,709 [INFO] PluginManager:220 - loadIPPluginJar : add usbx
2024-04-02 10:10:38,852 [INFO] CADModel:165 - CPN selected for project level
2024-04-02 10:10:38,852 [INFO] CADModel:114 - Register for checkConnection events
2024-04-02 10:10:38,852 [FATAL] Updater:308 - Updater called before beeing initialized
2024-04-02 10:10:38,852 [ERROR] CADModel:125 - Updater not yet initialized, retry later 
2024-04-02 10:10:39,053 [INFO] CADModel:165 - CPN selected for project level
2024-04-02 10:10:39,054 [INFO] CADModel:114 - Register for checkConnection events
2024-04-02 10:10:39,054 [FATAL] Updater:308 - Updater called before beeing initialized
2024-04-02 10:10:39,054 [ERROR] CADModel:125 - Updater not yet initialized, retry later 
2024-04-02 10:10:39,057 [FATAL] Updater:308 - Updater called before beeing initialized
2024-04-02 10:10:39,237 [FATAL] Updater:308 - Updater called before beeing initialized
2024-04-02 10:10:39,248 [INFO] DbMcusAds:53 - JSON generation date=Wed Nov 29 13:52:26 AST 2023 (1701255146895)
2024-04-02 10:10:39,248 [FATAL] Updater:308 - Updater called before beeing initialized
2024-04-02 10:10:39,334 [WARN] DetailPanel:346 - Failed to get advertising image, set to default
2024-04-02 10:10:39,395 [INFO] ThirdPartyUpdaterWithRetryManager:70 - Updater plugin not ready yet. [2/15]
2024-04-02 10:10:39,430 [FATAL] Updater:308 - Updater called before beeing initialized
2024-04-02 10:10:39,433 [FATAL] Updater:308 - Updater called before beeing initialized
2024-04-02 10:10:39,433 [FATAL] Updater:308 - Updater called before beeing initialized
2024-04-02 10:10:39,433 [WARN] DetailPanel:346 - Failed to get advertising image, set to default
2024-04-02 10:10:39,434 [FATAL] Updater:308 - Updater called before beeing initialized
2024-04-02 10:10:39,506 [ERROR] Updater:1120 - MainUpdater not yet initialized. External WinMGr cannot be set.
2024-04-02 10:10:39,516 [INFO] Updater:1056 - Updater Version found : 6.11.0
2024-04-02 10:10:39,541 [INFO] ApplicationProperties:184 - Using Application install path: C:\ST\STM32CubeIDE_1.14.1\STM32CubeIDE\plugins\com.st.stm32cube.common.mx_6.11.0.202403141607
2024-04-02 10:10:40,532 [INFO] MainUpdater:2873 - connection check result : 10
2024-04-02 10:10:40,533 [INFO] MainUpdater:290 - Updater Check For Update Now.
2024-04-02 10:10:40,533 [INFO] MicroXplorer:498 - Change Database Version : DB.6.0.110
2024-04-02 10:10:40,576 [INFO] McuFinderGlobals:63 - Set McuFinder mode to 2 (CubeIDE integrated)
2024-04-02 10:10:40,600 [INFO] UserAuth:415 - Internet connection configuration mode: 1
2024-04-02 10:10:40,683 [INFO] JxBrowserEngine:152 - Initiate JxBrowser Engine with user profile folder
2024-04-02 10:10:40,772 [INFO] CheckServerUpdateThread:120 - End of CheckServer Thread
2024-04-02 10:10:42,680 [WARN] PackLoader:240 - Cannot read IP mode file for STMicroelectronics.X-CUBE-SMBUS.2.1.0
2024-04-02 10:10:42,713 [WARN] PackLoader:240 - Cannot read IP mode file for STMicroelectronics.X-CUBE-TOUCHGFX.4.23.1
2024-04-02 10:10:42,885 [WARN] PackLoader:240 - Cannot read IP mode file for STMicroelectronics.X-CUBE-TOUCHGFX.4.23.0
2024-04-02 10:10:43,011 [WARN] PackLoader:240 - Cannot read IP mode file for STMicroelectronics.X-CUBE-AZRTOS-F7.1.1.0
2024-04-02 10:10:43,037 [WARN] PackLoader:240 - Cannot read IP mode file for STMicroelectronics.FP-SNS-MOTENV1.4.3.2
2024-04-02 10:10:43,054 [WARN] PackLoader:240 - Cannot read IP mode file for STMicroelectronics.FP-SNS-FLIGHT1.5.0.2
2024-04-02 10:10:43,079 [WARN] PackLoader:240 - Cannot read IP mode file for STMicroelectronics.X-CUBE-DISPLAY.3.0.0
2024-04-02 10:10:43,113 [WARN] PackLoader:240 - Cannot read IP mode file for STMicroelectronics.X-CUBE-BLE1.7.0.0
2024-04-02 10:10:43,129 [WARN] PackLoader:240 - Cannot read IP mode file for emotas.I-CUBE-CANOPEN.1.3.0
2024-04-02 10:10:43,142 [WARN] PackLoader:240 - Cannot read IP mode file for STMicroelectronics.X-CUBE-TOUCHGFX.4.22.0
2024-04-02 10:10:43,231 [WARN] PackLoader:240 - Cannot read IP mode file for STMicroelectronics.X-CUBE-BLEMGR.3.1.0
2024-04-02 10:10:43,251 [WARN] PackLoader:240 - Cannot read IP mode file for STMicroelectronics.FP-SNS-SMARTAG2.1.2.0
2024-04-02 10:10:43,275 [INFO] LogOutputStream:77 - [STDOUT_REDIRECT] 1 : Invalid condition id : UX_CORESTACK_Condition cause : null
2024-04-02 10:10:43,275 [INFO] LogOutputStream:77 - [STDOUT_REDIRECT] 1 : Invalid condition id : UX_CORESTACK_Condition cause : null
2024-04-02 10:10:43,276 [INFO] LogOutputStream:77 - [STDOUT_REDIRECT] 1 : Invalid condition id : UX_CORESTACK_Condition cause : null
2024-04-02 10:10:43,278 [INFO] LogOutputStream:77 - [STDOUT_REDIRECT] 1 : Invalid condition id : UX_CORESTACK_Condition cause : null
2024-04-02 10:10:43,279 [INFO] LogOutputStream:77 - [STDOUT_REDIRECT] 1 : Invalid condition id : UX_CORESTACK_Condition cause : null
2024-04-02 10:10:43,286 [WARN] PackLoader:240 - Cannot read IP mode file for STMicroelectronics.X-CUBE-AZRTOS-WL.2.0.0
2024-04-02 10:10:43,301 [WARN] PackLoader:240 - Cannot read IP mode file for STMicroelectronics.FP-SNS-MOTENV1.5.0.0
2024-04-02 10:10:43,321 [WARN] PackLoader:240 - Cannot read IP mode file for WES.I-CUBE-Cesium.1.3.0
2024-04-02 10:10:43,335 [WARN] PackLoader:240 - Cannot read IP mode file for STMicroelectronics.X-CUBE-BLE2.3.3.0
2024-04-02 10:10:43,360 [WARN] PackLoader:240 - Cannot read IP mode file for STMicroelectronics.X-CUBE-ALGOBUILD.1.3.0
2024-04-02 10:10:43,396 [WARN] PackLoader:240 - Cannot read IP mode file for STMicroelectronics.X-CUBE-AZRTOS-G0.1.1.0
2024-04-02 10:10:43,422 [WARN] PackLoader:240 - Cannot read IP mode file for STMicroelectronics.X-CUBE-SAFEA1.1.2.2
2024-04-02 10:10:43,437 [WARN] PackLoader:240 - Cannot read IP mode file for STMicroelectronics.X-CUBE-NFC4.3.0.0
2024-04-02 10:10:43,455 [WARN] PackLoader:240 - Cannot read IP mode file for STMicroelectronics.X-CUBE-BLEMGR.3.0.0
2024-04-02 10:10:43,471 [WARN] PackLoader:240 - Cannot read IP mode file for STMicroelectronics.FP-ATR-SIGFOX1.3.2.0
2024-04-02 10:10:43,487 [WARN] PackLoader:240 - Cannot read IP mode file for STMicroelectronics.X-CUBE-EEPRMA1.5.1.0
2024-04-02 10:10:43,536 [WARN] PackLoader:240 - Cannot read IP mode file for SEGGER.I-CUBE-embOS.1.3.1
2024-04-02 10:10:43,580 [WARN] PackLoader:240 - Cannot read IP mode file for STMicroelectronics.X-CUBE-GNSS1.6.0.0
2024-04-02 10:10:43,609 [WARN] PackLoader:240 - Cannot read IP mode file for STMicroelectronics.X-CUBE-AZRTOS-F4.1.1.0
2024-04-02 10:10:43,624 [WARN] PackLoader:240 - Cannot read IP mode file for wolfSSL.I-CUBE-wolfSSL.5.6.6
2024-04-02 10:10:43,654 [WARN] PackLoader:240 - Cannot read IP mode file for STMicroelectronics.X-CUBE-AZRTOS-L5.2.0.0
2024-04-02 10:10:43,672 [WARN] PackLoader:240 - Cannot read IP mode file for STMicroelectronics.X-CUBE-NFC6.3.1.0
2024-04-02 10:10:43,688 [WARN] PackLoader:240 - Cannot read IP mode file for ITTIA_DB.I-CUBE-ITTIADB.8.8.0
2024-04-02 10:10:43,701 [WARN] PackLoader:240 - Cannot read IP mode file for STMicroelectronics.X-CUBE-NFC7.1.0.1
2024-04-02 10:10:43,715 [WARN] PackLoader:240 - Cannot read IP mode file for STMicroelectronics.X-CUBE-NFC6.3.0.0
2024-04-02 10:10:43,729 [WARN] PackLoader:240 - Cannot read IP mode file for STMicroelectronics.X-CUBE-AI.8.1.0
2024-04-02 10:10:43,763 [WARN] ConditionMgr:438 - getConditionDescription Invalid condition id : LAN8742 Phy interface Condition cause : null
2024-04-02 10:10:43,764 [WARN] PackLoader:240 - Cannot read IP mode file for STMicroelectronics.X-CUBE-AZRTOS-L4.2.0.0
2024-04-02 10:10:43,765 [WARN] ConditionMgr:1039 - genDependencies : Invalid condition id : LAN8742 Phy interface Condition cause : null
2024-04-02 10:10:43,765 [WARN] ConditionMgr:1039 - genDependencies : Invalid condition id : LAN8742 Phy interface Condition cause : null
2024-04-02 10:10:43,766 [WARN] ConditionMgr:1039 - genDependencies : Invalid condition id : LAN8742 Phy interface Condition cause : null
2024-04-02 10:10:43,781 [WARN] PackLoader:240 - Cannot read IP mode file for STMicroelectronics.X-CUBE-SFXS2LP1.4.0.0
2024-04-02 10:10:43,848 [WARN] ConditionMgr:438 - getConditionDescription Invalid condition id : UX DEVICE CLASS RTOS Condition cause : null
2024-04-02 10:10:43,848 [WARN] ConditionMgr:438 - getConditionDescription Invalid condition id : UX DEVICE CLASS RTOS Condition cause : null
2024-04-02 10:10:43,850 [WARN] PackLoader:240 - Cannot read IP mode file for STMicroelectronics.X-CUBE-AZRTOS-WB.2.0.0
2024-04-02 10:10:43,850 [WARN] ConditionMgr:1039 - genDependencies : Invalid condition id : UX DEVICE CLASS RTOS Condition cause : null
2024-04-02 10:10:43,850 [WARN] ConditionMgr:1039 - genDependencies : Invalid condition id : UX DEVICE CLASS RTOS Condition cause : null
2024-04-02 10:10:43,851 [WARN] ConditionMgr:1039 - genDependencies : Invalid condition id : UX DEVICE CLASS RTOS Condition cause : null
2024-04-02 10:10:43,851 [WARN] ConditionMgr:1039 - genDependencies : Invalid condition id : UX DEVICE CLASS RTOS Condition cause : null
2024-04-02 10:10:43,851 [WARN] ConditionMgr:1039 - genDependencies : Invalid condition id : UX DEVICE CLASS RTOS Condition cause : null
2024-04-02 10:10:43,868 [WARN] PackLoader:240 - Cannot read IP mode file for STMicroelectronics.X-CUBE-FREERTOS.1.0.1
2024-04-02 10:10:43,938 [WARN] PackLoader:240 - Cannot read IP mode file for STMicroelectronics.X-CUBE-SUBG2.5.0.0
2024-04-02 10:10:43,968 [WARN] PackLoader:240 - Cannot read IP mode file for STMicroelectronics.X-CUBE-AZRTOS-G4.2.0.0
2024-04-02 10:10:43,992 [WARN] PackLoader:240 - Cannot read IP mode file for Infineon.AIROC-Wi-Fi-Bluetooth-STM32.1.5.1
2024-04-02 10:10:44,008 [WARN] PackLoader:240 - Cannot read IP mode file for STMicroelectronics.FP-SNS-MOTENVWB1.1.3.1
2024-04-02 10:10:44,021 [WARN] PackLoader:240 - Cannot read IP mode file for STMicroelectronics.X-CUBE-ISPU.2.0.0
2024-04-02 10:10:44,073 [WARN] PackLoader:240 - Cannot read IP mode file for STMicroelectronics.X-CUBE-MEMS1.10.0.0
2024-04-02 10:10:44,203 [WARN] PackLoader:240 - Cannot read IP mode file for STMicroelectronics.X-CUBE-FREERTOS.1.1.0
2024-04-02 10:10:44,263 [WARN] PackLoader:240 - Cannot read IP mode file for portGmbH.I-Cube-SoM-uGOAL.1.1.0
2024-04-02 10:10:44,274 [WARN] PackLoader:240 - Cannot read IP mode file for STMicroelectronics.X-CUBE-ALS.1.0.1
2024-04-02 10:10:44,286 [WARN] PackLoader:240 - Cannot read IP mode file for STMicroelectronics.FP-ATR-ASTRA1.2.0.0
2024-04-02 10:10:44,304 [WARN] PackLoader:240 - Cannot read IP mode file for STMicroelectronics.X-CUBE-TOF1.3.4.0
2024-04-02 10:10:44,332 [WARN] PackLoader:240 - Cannot read IP mode file for STMicroelectronics.X-CUBE-TOF1.3.4.1
2024-04-02 10:10:44,375 [WARN] PackLoader:240 - Cannot read IP mode file for STMicroelectronics.X-CUBE-AZRTOS-H7.3.2.0
2024-04-02 10:10:44,378 [INFO] ThirdParty:978 - Integrity check success = true
2024-04-02 10:10:44,379 [INFO] IntegrityCheckThread:100 - exiting critical section [integrity check]
2024-04-02 10:10:44,379 [INFO] IntegrityCheckThread:103 - End integrity checks thread
2024-04-02 10:10:46,157 [INFO] WebApp:161 - Instantiating new browser for Auth
2024-04-02 10:10:46,895 [INFO] WebApp:779 - Register for checkConnection events
2024-04-02 10:10:46,895 [INFO] WebApp:414 - Apply proxy settings
2024-04-02 10:10:46,897 [INFO] WebApp:499 - Chromium requires no authentication
2024-04-02 10:10:46,905 [INFO] WebApp:442 - Direct internet connection detected
2024-04-02 10:10:47,096 [INFO] WebApp:192 - Starting web application
2024-04-02 10:10:47,096 [INFO] WebApp:544 - Web application path used C:\ST\STM32CubeIDE_1.14.1\STM32CubeIDE\plugins\com.st.stm32cube.common.mx_6.11.0.202403141607\db\plugins\mcufinder\reactClient1\index.html
2024-04-02 10:12:44,388 [ERROR] LogOutputStream:75 - [STDERR_REDIRECT] 
