2024-03-05 07:20:57,175 [INFO] Activator:176 - 


2024-03-05 07:20:57,178 [INFO] Activator:177 - !SESSION log4j initialized
2024-03-05 07:21:00,705 [INFO] LogOutputStream:77 - [STDOUT_REDIRECT] 
2024-03-05 07:21:03,111 [INFO] ApplicationProperties:184 - Using Application install path: C:\ST\STM32CubeIDE_1.14.1\STM32CubeIDE\plugins\com.st.stm32cube.common.mx_6.10.0.202311202037
2024-03-05 07:21:03,140 [INFO] DbMcusXml:78 - Set database path to: C:\ST\STM32CubeIDE_1.14.1\STM32CubeIDE\plugins\com.st.stm32cube.common.mx_6.10.0.202311202037\\db\/mcu/
2024-03-05 07:21:03,141 [INFO] ApiDb:274 - Set plugin database path to: C:\ST\STM32CubeIDE_1.14.1\STM32CubeIDE\plugins\com.st.stm32cube.common.mx_6.10.0.202311202037\\db\/plugins/boardmanager/
2024-03-05 07:21:03,141 [WARN] ApiDb:259 - Overriding images path with different value:  => C:\ST\STM32CubeIDE_1.14.1\STM32CubeIDE\plugins\com.st.stm32cube.common.mx_6.10.0.202311202037\\db\/plugins/mcufinder/images/
2024-03-05 07:21:03,149 [INFO] ApiDb:250 - Set database path to: C:\Users\hussamaldean\.stmcufinder\plugins\mcufinder//mcu/
2024-03-05 07:21:03,150 [INFO] DbMcusAds:125 - Set database path to: C:\Users\hussamaldean\.stmcufinder\plugins\mcufinder//mcu/
2024-03-05 07:21:03,154 [INFO] CrossReferenceDbSqlite:203 - Set database path to: C:\Users\hussamaldean\.stmcufinder\plugins\mcufinder//mcu/cs/
2024-03-05 07:21:03,329 [INFO] RulesReader:64 - Compatibility file has been processed (297 Rules)
2024-03-05 07:21:03,463 [INFO] DbMcusXml:78 - Set database path to: C:\ST\STM32CubeIDE_1.14.1\STM32CubeIDE\plugins\com.st.stm32cube.common.mx_6.10.0.202311202037\\db\/mcu/
2024-03-05 07:21:03,463 [INFO] ApiDb:274 - Set plugin database path to: C:\ST\STM32CubeIDE_1.14.1\STM32CubeIDE\plugins\com.st.stm32cube.common.mx_6.10.0.202311202037\\db\/plugins/boardmanager/
2024-03-05 07:21:03,463 [INFO] ApiDb:261 - Set plugin images path to: C:\ST\STM32CubeIDE_1.14.1\STM32CubeIDE\plugins\com.st.stm32cube.common.mx_6.10.0.202311202037\\db\/plugins/mcufinder/images/
2024-03-05 07:21:03,463 [WARN] DbFile:41 - Overriding database path with different value: C:\Users\hussamaldean\.stmcufinder\plugins\mcufinder/ => C:\Users\hussamaldean\.stmcufinder\plugins\mcufinder
2024-03-05 07:21:03,463 [INFO] ApiDb:250 - Set database path to: C:\Users\hussamaldean\.stmcufinder\plugins\mcufinder//mcu/
2024-03-05 07:21:03,463 [WARN] DbFile:41 - Overriding database path with different value: C:\Users\hussamaldean\.stmcufinder\plugins\mcufinder/ => C:\Users\hussamaldean\.stmcufinder\plugins\mcufinder
2024-03-05 07:21:03,463 [INFO] DbMcusAds:125 - Set database path to: C:\Users\hussamaldean\.stmcufinder\plugins\mcufinder//mcu/
2024-03-05 07:21:03,464 [WARN] DbFile:41 - Overriding database path with different value: C:\Users\hussamaldean\.stmcufinder\plugins\mcufinder/ => C:\Users\hussamaldean\.stmcufinder\plugins\mcufinder
2024-03-05 07:21:03,464 [WARN] DbFile:41 - Overriding database path with different value: C:\Users\hussamaldean\.stmcufinder\plugins\mcufinder/ => C:\Users\hussamaldean\.stmcufinder\plugins\mcufinder
2024-03-05 07:21:03,464 [INFO] CrossReferenceDbSqlite:203 - Set database path to: C:\Users\hussamaldean\.stmcufinder\plugins\mcufinder//mcu/cs/
2024-03-05 07:21:03,592 [INFO] MainPanel:264 - HeapMemory: 268435456
2024-03-05 07:21:03,680 [INFO] DbMcusXml:78 - Set database path to: C:\ST\STM32CubeIDE_1.14.1\STM32CubeIDE\plugins\com.st.stm32cube.common.mx_6.10.0.202311202037\\db\/mcu/
2024-03-05 07:21:03,680 [INFO] ApiDb:274 - Set plugin database path to: C:\ST\STM32CubeIDE_1.14.1\STM32CubeIDE\plugins\com.st.stm32cube.common.mx_6.10.0.202311202037\\db\/plugins/boardmanager/
2024-03-05 07:21:03,680 [INFO] ApiDb:261 - Set plugin images path to: C:\ST\STM32CubeIDE_1.14.1\STM32CubeIDE\plugins\com.st.stm32cube.common.mx_6.10.0.202311202037\\db\/plugins/mcufinder/images/
2024-03-05 07:21:03,683 [WARN] DbFile:41 - Overriding database path with different value: C:\Users\hussamaldean\.stmcufinder\plugins\mcufinder/ => C:\Users\hussamaldean\.stmcufinder\plugins\mcufinder
2024-03-05 07:21:03,683 [INFO] ApiDb:250 - Set database path to: C:\Users\hussamaldean\.stmcufinder\plugins\mcufinder//mcu/
2024-03-05 07:21:03,683 [WARN] DbFile:41 - Overriding database path with different value: C:\Users\hussamaldean\.stmcufinder\plugins\mcufinder/ => C:\Users\hussamaldean\.stmcufinder\plugins\mcufinder
2024-03-05 07:21:03,683 [INFO] DbMcusAds:125 - Set database path to: C:\Users\hussamaldean\.stmcufinder\plugins\mcufinder//mcu/
2024-03-05 07:21:03,684 [WARN] DbFile:41 - Overriding database path with different value: C:\Users\hussamaldean\.stmcufinder\plugins\mcufinder/ => C:\Users\hussamaldean\.stmcufinder\plugins\mcufinder
2024-03-05 07:21:03,684 [WARN] DbFile:41 - Overriding database path with different value: C:\Users\hussamaldean\.stmcufinder\plugins\mcufinder/ => C:\Users\hussamaldean\.stmcufinder\plugins\mcufinder
2024-03-05 07:21:03,684 [INFO] CrossReferenceDbSqlite:203 - Set database path to: C:\Users\hussamaldean\.stmcufinder\plugins\mcufinder//mcu/cs/
2024-03-05 07:21:03,703 [INFO] ApplicationProperties:184 - Using Application install path: C:\ST\STM32CubeIDE_1.14.1\STM32CubeIDE\plugins\com.st.stm32cube.common.mx_6.10.0.202311202037
2024-03-05 07:21:03,705 [INFO] PluginManage:196 - Search for loadable plugins [exclusion list=, ]
2024-03-05 07:21:03,706 [INFO] PluginManage:310 - Check plugin analytics
2024-03-05 07:21:04,054 [INFO] AnalyticsPlugin:253 - Accepted Software Licenses: 
2024-03-05 07:21:04,054 [INFO] AnalyticsPlugin:255 - Accepted CMSIS Pack Licenses: 
2024-03-05 07:21:04,054 [INFO] AnalyticsPlugin:257 - Accepted Firmware Licenses: 
2024-03-05 07:21:04,061 [INFO] PluginManage:359 - Loaded plugin analytics (category:tool,tabindex:-1)
2024-03-05 07:21:04,062 [INFO] PluginManage:310 - Check plugin cadmodel
2024-03-05 07:21:04,073 [INFO] CADModel:105 - Init CAD model plugin
2024-03-05 07:21:04,073 [INFO] PluginManage:359 - Loaded plugin cadmodel (category:power,tabindex:5)
2024-03-05 07:21:04,074 [INFO] PluginManage:310 - Check plugin clock
2024-03-05 07:21:04,094 [INFO] PluginManage:359 - Loaded plugin clock (category:base,tabindex:2)
2024-03-05 07:21:04,094 [INFO] PluginManage:310 - Check plugin ddr
2024-03-05 07:21:04,096 [INFO] PluginManage:359 - Loaded plugin ddr (category:tool,tabindex:6)
2024-03-05 07:21:04,097 [INFO] PluginManage:310 - Check plugin filemanager
2024-03-05 07:21:04,315 [INFO] PluginManage:359 - Loaded plugin filemanager (category:base,tabindex:10)
2024-03-05 07:21:04,316 [INFO] PluginManage:310 - Check plugin ipmanager
2024-03-05 07:21:04,327 [INFO] PluginManage:359 - Loaded plugin ipmanager (category:base,tabindex:5)
2024-03-05 07:21:04,328 [INFO] PluginManage:310 - Check plugin lpbam
2024-03-05 07:21:04,343 [INFO] PluginManage:359 - Loaded plugin lpbam (category:base,tabindex:0)
2024-03-05 07:21:04,344 [INFO] PluginManage:310 - Check plugin memorymap
2024-03-05 07:21:04,388 [INFO] PluginManage:359 - Loaded plugin memorymap (category:base,tabindex:4)
2024-03-05 07:21:04,388 [INFO] PluginManage:310 - Check plugin pinoutandconfiguration
2024-03-05 07:21:04,396 [INFO] PluginManage:359 - Loaded plugin pinoutandconfiguration (category:base,tabindex:1)
2024-03-05 07:21:04,396 [INFO] PluginManage:310 - Check plugin pinoutconfig
2024-03-05 07:21:04,554 [WARN] SupportedApi:132 - Cannot load RTOS API schema: s4s-elt-must-match.1: The content of 'definitions' must match (annotation?, (simpleType | complexType)?, (unique | key | keyref)*)). A problem was found starting at: attribute.
2024-03-05 07:21:04,817 [INFO] PluginManage:359 - Loaded plugin pinoutconfig (category:base,tabindex:0)
2024-03-05 07:21:04,817 [INFO] PluginManage:310 - Check plugin power
2024-03-05 07:21:04,829 [INFO] PluginManage:359 - Loaded plugin power (category:power,tabindex:4)
2024-03-05 07:21:04,829 [INFO] PluginManage:310 - Check plugin projectmanager
2024-03-05 07:21:04,847 [INFO] PluginManage:359 - Loaded plugin projectmanager (category:projectmanager,tabindex:3)
2024-03-05 07:21:04,847 [INFO] PluginManage:310 - Check plugin thirdparty
2024-03-05 07:21:05,039 [WARN] IntegrityCheckThread:84 - waiting for thirdparty lock release [integrity check]
2024-03-05 07:21:05,039 [INFO] IntegrityCheckThread:86 - entering critical section [integrity check]
2024-03-05 07:21:05,041 [INFO] ThirdPartyUpdaterWithRetryManager:70 - Updater plugin not ready yet. [1/15]
2024-03-05 07:21:05,041 [INFO] PluginManage:359 - Loaded plugin thirdparty (category:base,tabindex:-1)
2024-03-05 07:21:05,042 [INFO] PluginManage:310 - Check plugin tools
2024-03-05 07:21:05,048 [INFO] PluginManage:359 - Loaded plugin tools (category:base,tabindex:7)
2024-03-05 07:21:05,049 [INFO] PluginManage:310 - Check plugin tutovideos
2024-03-05 07:21:05,260 [INFO] PluginManage:359 - Loaded plugin tutovideos (category:base,tabindex:-1)
2024-03-05 07:21:05,260 [INFO] PluginManage:310 - Check plugin updater
2024-03-05 07:21:05,277 [INFO] PluginManage:359 - Loaded plugin updater (category:base,tabindex:12)
2024-03-05 07:21:05,277 [INFO] PluginManage:310 - Check plugin userauth
2024-03-05 07:21:05,283 [INFO] UserAuth:114 - Init User Auth plugin
2024-03-05 07:21:05,283 [INFO] PluginManage:359 - Loaded plugin userauth (category:base,tabindex:14)
2024-03-05 07:21:05,283 [INFO] PluginManage:283 - PluginManage : Loaded plugins [17]
2024-03-05 07:21:05,579 [INFO] PinOutPanel:1499 - setPackage(No Configuration,No Configuration)
2024-03-05 07:21:05,664 [INFO] CADModel:165 - CPN selected for project level
2024-03-05 07:21:05,664 [INFO] CADModel:114 - Register for checkConnection events
2024-03-05 07:21:05,684 [INFO] IPUIPlugin:80 - create IPUIPlugin
2024-03-05 07:21:05,684 [INFO] PluginManager:220 - loadIPPluginJar : add adc
2024-03-05 07:21:05,687 [INFO] IPUIPlugin:80 - create IPUIPlugin
2024-03-05 07:21:05,687 [INFO] PluginManager:220 - loadIPPluginJar : add aes
2024-03-05 07:21:05,692 [INFO] IPUIPlugin:80 - create IPUIPlugin
2024-03-05 07:21:05,692 [INFO] PluginManager:220 - loadIPPluginJar : add can
2024-03-05 07:21:05,693 [INFO] IPUIPlugin:80 - create IPUIPlugin
2024-03-05 07:21:05,694 [INFO] PluginManager:220 - loadIPPluginJar : add comp
2024-03-05 07:21:05,697 [INFO] IPUIPlugin:80 - create IPUIPlugin
2024-03-05 07:21:05,697 [INFO] PluginManager:220 - loadIPPluginJar : add cryp
2024-03-05 07:21:05,700 [INFO] IPUIPlugin:80 - create IPUIPlugin
2024-03-05 07:21:05,700 [INFO] PluginManager:220 - loadIPPluginJar : add dfsdm
2024-03-05 07:21:05,705 [INFO] IPUIPlugin:80 - create IPUIPlugin
2024-03-05 07:21:05,705 [INFO] PluginManager:220 - loadIPPluginJar : add dma
2024-03-05 07:21:05,708 [INFO] IPUIPlugin:80 - create IPUIPlugin
2024-03-05 07:21:05,708 [INFO] PluginManager:220 - loadIPPluginJar : add dma3
2024-03-05 07:21:05,709 [INFO] IPUIPlugin:80 - create IPUIPlugin
2024-03-05 07:21:05,709 [INFO] PluginManager:220 - loadIPPluginJar : add fatfs
2024-03-05 07:21:05,713 [INFO] IPUIPlugin:80 - create IPUIPlugin
2024-03-05 07:21:05,713 [INFO] PluginManager:220 - loadIPPluginJar : add fmc
2024-03-05 07:21:05,718 [INFO] IPUIPlugin:80 - create IPUIPlugin
2024-03-05 07:21:05,718 [INFO] PluginManager:220 - loadIPPluginJar : add freertos
2024-03-05 07:21:05,719 [INFO] IPUIPlugin:80 - create IPUIPlugin
2024-03-05 07:21:05,720 [INFO] PluginManager:220 - loadIPPluginJar : add genericplugin
2024-03-05 07:21:05,722 [INFO] IPUIPlugin:80 - create IPUIPlugin
2024-03-05 07:21:05,722 [INFO] PluginManager:220 - loadIPPluginJar : add gfxmmu
2024-03-05 07:21:05,727 [INFO] IPUIPlugin:80 - create IPUIPlugin
2024-03-05 07:21:05,728 [INFO] PluginManager:220 - loadIPPluginJar : add gic
2024-03-05 07:21:05,732 [INFO] IPUIPlugin:80 - create IPUIPlugin
2024-03-05 07:21:05,732 [INFO] PluginManager:220 - loadIPPluginJar : add gpio
2024-03-05 07:21:05,734 [INFO] IPUIPlugin:80 - create IPUIPlugin
2024-03-05 07:21:05,734 [INFO] PluginManager:220 - loadIPPluginJar : add gtzc
2024-03-05 07:21:05,736 [INFO] IPUIPlugin:80 - create IPUIPlugin
2024-03-05 07:21:05,736 [INFO] PluginManager:220 - loadIPPluginJar : add hash
2024-03-05 07:21:05,740 [INFO] IPUIPlugin:80 - create IPUIPlugin
2024-03-05 07:21:05,741 [INFO] PluginManager:220 - loadIPPluginJar : add i2c
2024-03-05 07:21:05,743 [INFO] IPUIPlugin:80 - create IPUIPlugin
2024-03-05 07:21:05,743 [INFO] PluginManager:220 - loadIPPluginJar : add i2s
2024-03-05 07:21:05,746 [INFO] IPUIPlugin:80 - create IPUIPlugin
2024-03-05 07:21:05,746 [INFO] PluginManager:220 - loadIPPluginJar : add i3c
2024-03-05 07:21:05,749 [INFO] IPUIPlugin:80 - create IPUIPlugin
2024-03-05 07:21:05,749 [INFO] PluginManager:220 - loadIPPluginJar : add ipddr
2024-03-05 07:21:05,756 [INFO] IPUIPlugin:80 - create IPUIPlugin
2024-03-05 07:21:05,757 [INFO] PluginManager:220 - loadIPPluginJar : add linkedlist
2024-03-05 07:21:05,762 [INFO] IPUIPlugin:80 - create IPUIPlugin
2024-03-05 07:21:05,762 [INFO] PluginManager:220 - loadIPPluginJar : add lorawan
2024-03-05 07:21:05,765 [INFO] IPUIPlugin:80 - create IPUIPlugin
2024-03-05 07:21:05,765 [INFO] PluginManager:220 - loadIPPluginJar : add ltdc
2024-03-05 07:21:05,773 [INFO] IPUIPlugin:80 - create IPUIPlugin
2024-03-05 07:21:05,773 [INFO] PluginManager:220 - loadIPPluginJar : add mdma
2024-03-05 07:21:05,777 [INFO] IPUIPlugin:80 - create IPUIPlugin
2024-03-05 07:21:05,778 [INFO] PluginManager:220 - loadIPPluginJar : add nvic
2024-03-05 07:21:05,780 [INFO] IPUIPlugin:80 - create IPUIPlugin
2024-03-05 07:21:05,781 [INFO] PluginManager:220 - loadIPPluginJar : add opamp
2024-03-05 07:21:05,783 [INFO] IPUIPlugin:80 - create IPUIPlugin
2024-03-05 07:21:05,784 [INFO] PluginManager:220 - loadIPPluginJar : add openamp
2024-03-05 07:21:05,786 [INFO] IPUIPlugin:80 - create IPUIPlugin
2024-03-05 07:21:05,786 [INFO] PluginManager:220 - loadIPPluginJar : add pdm2pcm
2024-03-05 07:21:05,792 [INFO] IPUIPlugin:80 - create IPUIPlugin
2024-03-05 07:21:05,795 [INFO] PluginManager:220 - loadIPPluginJar : add plateformsettings
2024-03-05 07:21:05,799 [INFO] IPUIPlugin:80 - create IPUIPlugin
2024-03-05 07:21:05,799 [INFO] PluginManager:220 - loadIPPluginJar : add quadspi
2024-03-05 07:21:05,804 [INFO] IPUIPlugin:80 - create IPUIPlugin
2024-03-05 07:21:05,804 [INFO] PluginManager:220 - loadIPPluginJar : add resmgrutility
2024-03-05 07:21:05,807 [INFO] IPUIPlugin:80 - create IPUIPlugin
2024-03-05 07:21:05,807 [INFO] PluginManager:220 - loadIPPluginJar : add sai
2024-03-05 07:21:05,809 [INFO] IPUIPlugin:80 - create IPUIPlugin
2024-03-05 07:21:05,810 [INFO] PluginManager:220 - loadIPPluginJar : add spi
2024-03-05 07:21:05,815 [INFO] IPUIPlugin:80 - create IPUIPlugin
2024-03-05 07:21:05,816 [INFO] PluginManager:220 - loadIPPluginJar : add stm32_wpan
2024-03-05 07:21:05,817 [INFO] IPUIPlugin:80 - create IPUIPlugin
2024-03-05 07:21:05,817 [INFO] PluginManager:220 - loadIPPluginJar : add tim
2024-03-05 07:21:05,819 [INFO] IPUIPlugin:80 - create IPUIPlugin
2024-03-05 07:21:05,819 [INFO] PluginManager:220 - loadIPPluginJar : add touchsensing
2024-03-05 07:21:05,821 [INFO] IPUIPlugin:80 - create IPUIPlugin
2024-03-05 07:21:05,821 [INFO] PluginManager:220 - loadIPPluginJar : add tracer_emb
2024-03-05 07:21:05,823 [INFO] IPUIPlugin:80 - create IPUIPlugin
2024-03-05 07:21:05,823 [INFO] PluginManager:220 - loadIPPluginJar : add ts
2024-03-05 07:21:05,825 [INFO] IPUIPlugin:80 - create IPUIPlugin
2024-03-05 07:21:05,825 [INFO] PluginManager:220 - loadIPPluginJar : add tsc
2024-03-05 07:21:05,827 [INFO] IPUIPlugin:80 - create IPUIPlugin
2024-03-05 07:21:05,827 [INFO] PluginManager:220 - loadIPPluginJar : add ucpd
2024-03-05 07:21:05,829 [INFO] IPUIPlugin:80 - create IPUIPlugin
2024-03-05 07:21:05,829 [INFO] PluginManager:220 - loadIPPluginJar : add usart
2024-03-05 07:21:05,834 [INFO] IPUIPlugin:80 - create IPUIPlugin
2024-03-05 07:21:05,835 [INFO] PluginManager:220 - loadIPPluginJar : add usbx
2024-03-05 07:21:05,977 [INFO] CADModel:165 - CPN selected for project level
2024-03-05 07:21:05,977 [INFO] CADModel:114 - Register for checkConnection events
2024-03-05 07:21:05,977 [FATAL] Updater:308 - Updater called before beeing initialized
2024-03-05 07:21:05,977 [ERROR] CADModel:125 - Updater not yet initialized, retry later 
2024-03-05 07:21:06,221 [INFO] CADModel:165 - CPN selected for project level
2024-03-05 07:21:06,222 [INFO] CADModel:114 - Register for checkConnection events
2024-03-05 07:21:06,222 [FATAL] Updater:308 - Updater called before beeing initialized
2024-03-05 07:21:06,222 [ERROR] CADModel:125 - Updater not yet initialized, retry later 
2024-03-05 07:21:06,225 [FATAL] Updater:308 - Updater called before beeing initialized
2024-03-05 07:21:06,360 [FATAL] Updater:308 - Updater called before beeing initialized
2024-03-05 07:21:06,379 [INFO] DbMcusAds:53 - JSON generation date=Thu Sep 30 09:55:09 AST 2021 (1632984909247)
2024-03-05 07:21:06,380 [FATAL] Updater:308 - Updater called before beeing initialized
2024-03-05 07:21:06,422 [WARN] DetailPanel:346 - Failed to get advertising image, set to default
2024-03-05 07:21:06,504 [FATAL] Updater:308 - Updater called before beeing initialized
2024-03-05 07:21:06,505 [FATAL] Updater:308 - Updater called before beeing initialized
2024-03-05 07:21:06,505 [FATAL] Updater:308 - Updater called before beeing initialized
2024-03-05 07:21:06,505 [WARN] DetailPanel:346 - Failed to get advertising image, set to default
2024-03-05 07:21:06,506 [FATAL] Updater:308 - Updater called before beeing initialized
2024-03-05 07:21:06,550 [ERROR] Updater:1120 - MainUpdater not yet initialized. External WinMGr cannot be set.
2024-03-05 07:21:06,552 [INFO] Updater:1056 - Updater Version found : 6.10.0
2024-03-05 07:21:06,569 [INFO] ApplicationProperties:184 - Using Application install path: C:\ST\STM32CubeIDE_1.14.1\STM32CubeIDE\plugins\com.st.stm32cube.common.mx_6.10.0.202311202037
2024-03-05 07:21:08,042 [INFO] ThirdPartyUpdaterWithRetryManager:70 - Updater plugin not ready yet. [2/15]
2024-03-05 07:21:08,143 [ERROR] LogOutputStream:75 - [STDERR_REDIRECT] Mar 05, 2024 7:21:08 AM java.util.prefs.WindowsPreferences <init>
2024-03-05 07:21:08,144 [ERROR] LogOutputStream:75 - [STDERR_REDIRECT] WARNING: Could not open/create prefs root node Software\JavaSoft\Prefs at root 0xffffffff80000002. Windows RegCreateKeyEx(...) returned error code 5.
2024-03-05 07:21:08,145 [ERROR] LogOutputStream:75 - [STDERR_REDIRECT] 
2024-03-05 07:21:08,831 [INFO] MainUpdater:2873 - connection check result : 10
2024-03-05 07:21:08,832 [INFO] MainUpdater:290 - Updater Check For Update Now.
2024-03-05 07:21:08,832 [INFO] MicroXplorer:498 - Change Database Version : DB.6.0.100
2024-03-05 07:21:08,858 [INFO] McuFinderGlobals:63 - Set McuFinder mode to 2 (CubeIDE integrated)
2024-03-05 07:21:09,055 [INFO] CheckServerUpdateThread:120 - End of CheckServer Thread
2024-03-05 07:21:09,376 [INFO] UserAuth:404 - Internet connection configuration mode: 1
2024-03-05 07:21:09,389 [INFO] JxBrowserEngine:152 - Initiate JxBrowser Engine with user profile folder
2024-03-05 07:21:10,073 [INFO] WebApp:161 - Instantiating new browser for Auth
2024-03-05 07:21:10,822 [INFO] WebApp:780 - Register for checkConnection events
2024-03-05 07:21:10,822 [INFO] WebApp:414 - Apply proxy settings
2024-03-05 07:21:10,822 [INFO] WebApp:499 - Chromium requires no authentication
2024-03-05 07:21:10,830 [INFO] WebApp:442 - Direct internet connection detected
2024-03-05 07:21:11,008 [INFO] WebApp:192 - Starting web application
2024-03-05 07:21:11,008 [INFO] WebApp:544 - Web application path used C:\ST\STM32CubeIDE_1.14.1\STM32CubeIDE\plugins\com.st.stm32cube.common.mx_6.10.0.202311202037\db\plugins\mcufinder\reactClient1\index.html
2024-03-05 07:21:11,555 [WARN] PackLoader:240 - Cannot read IP mode file for STMicroelectronics.X-CUBE-SMBUS.2.1.0
2024-03-05 07:21:11,613 [WARN] PackLoader:240 - Cannot read IP mode file for STMicroelectronics.X-CUBE-TOUCHGFX.4.23.0
2024-03-05 07:21:11,914 [WARN] PackLoader:240 - Cannot read IP mode file for STMicroelectronics.X-CUBE-AZRTOS-F7.1.1.0
2024-03-05 07:21:11,943 [WARN] PackLoader:240 - Cannot read IP mode file for STMicroelectronics.FP-SNS-MOTENV1.4.3.2
2024-03-05 07:21:11,964 [WARN] PackLoader:240 - Cannot read IP mode file for STMicroelectronics.FP-SNS-FLIGHT1.5.0.2
2024-03-05 07:21:11,991 [WARN] PackLoader:240 - Cannot read IP mode file for STMicroelectronics.X-CUBE-DISPLAY.3.0.0
2024-03-05 07:21:12,035 [WARN] PackLoader:240 - Cannot read IP mode file for STMicroelectronics.X-CUBE-BLE1.7.0.0
2024-03-05 07:21:12,068 [WARN] PackLoader:240 - Cannot read IP mode file for emotas.I-CUBE-CANOPEN.1.3.0
2024-03-05 07:21:12,113 [WARN] PackLoader:240 - Cannot read IP mode file for STMicroelectronics.X-CUBE-BLEMGR.3.1.0
2024-03-05 07:21:12,175 [WARN] PackLoader:240 - Cannot read IP mode file for STMicroelectronics.FP-SNS-SMARTAG2.1.2.0
2024-03-05 07:21:12,212 [INFO] LogOutputStream:77 - [STDOUT_REDIRECT] 1 : Invalid condition id : UX_CORESTACK_Condition cause : null
2024-03-05 07:21:12,213 [INFO] LogOutputStream:77 - [STDOUT_REDIRECT] 1 : Invalid condition id : UX_CORESTACK_Condition cause : null
2024-03-05 07:21:12,216 [INFO] LogOutputStream:77 - [STDOUT_REDIRECT] 1 : Invalid condition id : UX_CORESTACK_Condition cause : null
2024-03-05 07:21:12,218 [INFO] LogOutputStream:77 - [STDOUT_REDIRECT] 1 : Invalid condition id : UX_CORESTACK_Condition cause : null
2024-03-05 07:21:12,220 [INFO] LogOutputStream:77 - [STDOUT_REDIRECT] 1 : Invalid condition id : UX_CORESTACK_Condition cause : null
2024-03-05 07:21:12,227 [WARN] PackLoader:240 - Cannot read IP mode file for STMicroelectronics.X-CUBE-AZRTOS-WL.2.0.0
2024-03-05 07:21:12,252 [WARN] PackLoader:240 - Cannot read IP mode file for WES.I-CUBE-Cesium.1.3.0
2024-03-05 07:21:12,269 [WARN] PackLoader:240 - Cannot read IP mode file for STMicroelectronics.X-CUBE-BLE2.3.3.0
2024-03-05 07:21:12,290 [WARN] PackLoader:240 - Cannot read IP mode file for STMicroelectronics.X-CUBE-ALGOBUILD.1.3.0
2024-03-05 07:21:12,331 [WARN] PackLoader:240 - Cannot read IP mode file for STMicroelectronics.X-CUBE-AZRTOS-G0.1.1.0
2024-03-05 07:21:12,354 [WARN] PackLoader:240 - Cannot read IP mode file for STMicroelectronics.X-CUBE-NFC4.3.0.0
2024-03-05 07:21:12,382 [WARN] PackLoader:240 - Cannot read IP mode file for STMicroelectronics.X-CUBE-BLEMGR.3.0.0
2024-03-05 07:21:12,400 [WARN] PackLoader:240 - Cannot read IP mode file for STMicroelectronics.FP-ATR-SIGFOX1.3.2.0
2024-03-05 07:21:12,419 [WARN] PackLoader:240 - Cannot read IP mode file for STMicroelectronics.X-CUBE-EEPRMA1.5.1.0
2024-03-05 07:21:12,498 [WARN] PackLoader:240 - Cannot read IP mode file for SEGGER.I-CUBE-embOS.1.3.1
2024-03-05 07:21:12,557 [WARN] PackLoader:240 - Cannot read IP mode file for STMicroelectronics.X-CUBE-GNSS1.6.0.0
2024-03-05 07:21:12,602 [WARN] PackLoader:240 - Cannot read IP mode file for STMicroelectronics.X-CUBE-AZRTOS-F4.1.1.0
2024-03-05 07:21:12,623 [WARN] PackLoader:240 - Cannot read IP mode file for wolfSSL.I-CUBE-wolfSSL.5.6.6
2024-03-05 07:21:12,678 [WARN] PackLoader:240 - Cannot read IP mode file for STMicroelectronics.X-CUBE-AZRTOS-L5.2.0.0
2024-03-05 07:21:12,700 [WARN] PackLoader:240 - Cannot read IP mode file for ITTIA_DB.I-CUBE-ITTIADB.8.8.0
2024-03-05 07:21:12,723 [WARN] PackLoader:240 - Cannot read IP mode file for STMicroelectronics.X-CUBE-NFC7.1.0.1
2024-03-05 07:21:12,745 [WARN] PackLoader:240 - Cannot read IP mode file for STMicroelectronics.X-CUBE-NFC6.3.0.0
2024-03-05 07:21:12,764 [WARN] PackLoader:240 - Cannot read IP mode file for STMicroelectronics.X-CUBE-AI.8.1.0
2024-03-05 07:21:12,806 [WARN] ConditionMgr:438 - getConditionDescription Invalid condition id : LAN8742 Phy interface Condition cause : null
2024-03-05 07:21:12,807 [WARN] PackLoader:240 - Cannot read IP mode file for STMicroelectronics.X-CUBE-AZRTOS-L4.2.0.0
2024-03-05 07:21:12,808 [WARN] ConditionMgr:1039 - genDependencies : Invalid condition id : LAN8742 Phy interface Condition cause : null
2024-03-05 07:21:12,809 [WARN] ConditionMgr:1039 - genDependencies : Invalid condition id : LAN8742 Phy interface Condition cause : null
2024-03-05 07:21:12,809 [WARN] ConditionMgr:1039 - genDependencies : Invalid condition id : LAN8742 Phy interface Condition cause : null
2024-03-05 07:21:12,827 [WARN] PackLoader:240 - Cannot read IP mode file for STMicroelectronics.X-CUBE-SFXS2LP1.4.0.0
2024-03-05 07:21:12,857 [WARN] ConditionMgr:438 - getConditionDescription Invalid condition id : UX DEVICE CLASS RTOS Condition cause : null
2024-03-05 07:21:12,858 [WARN] ConditionMgr:438 - getConditionDescription Invalid condition id : UX DEVICE CLASS RTOS Condition cause : null
2024-03-05 07:21:12,859 [WARN] PackLoader:240 - Cannot read IP mode file for STMicroelectronics.X-CUBE-AZRTOS-WB.2.0.0
2024-03-05 07:21:12,860 [WARN] ConditionMgr:1039 - genDependencies : Invalid condition id : UX DEVICE CLASS RTOS Condition cause : null
2024-03-05 07:21:12,860 [WARN] ConditionMgr:1039 - genDependencies : Invalid condition id : UX DEVICE CLASS RTOS Condition cause : null
2024-03-05 07:21:12,861 [WARN] ConditionMgr:1039 - genDependencies : Invalid condition id : UX DEVICE CLASS RTOS Condition cause : null
2024-03-05 07:21:12,861 [WARN] ConditionMgr:1039 - genDependencies : Invalid condition id : UX DEVICE CLASS RTOS Condition cause : null
2024-03-05 07:21:12,862 [WARN] ConditionMgr:1039 - genDependencies : Invalid condition id : UX DEVICE CLASS RTOS Condition cause : null
2024-03-05 07:21:12,885 [WARN] PackLoader:240 - Cannot read IP mode file for STMicroelectronics.X-CUBE-SUBG2.5.0.0
2024-03-05 07:21:12,921 [WARN] PackLoader:240 - Cannot read IP mode file for STMicroelectronics.X-CUBE-AZRTOS-G4.2.0.0
2024-03-05 07:21:12,948 [WARN] PackLoader:240 - Cannot read IP mode file for Infineon.AIROC-Wi-Fi-Bluetooth-STM32.1.5.1
2024-03-05 07:21:12,965 [WARN] PackLoader:240 - Cannot read IP mode file for STMicroelectronics.FP-SNS-MOTENVWB1.1.3.1
2024-03-05 07:21:12,984 [WARN] PackLoader:240 - Cannot read IP mode file for STMicroelectronics.X-CUBE-ISPU.2.0.0
2024-03-05 07:21:13,045 [WARN] PackLoader:240 - Cannot read IP mode file for STMicroelectronics.X-CUBE-MEMS1.10.0.0
2024-03-05 07:21:13,215 [WARN] PackLoader:240 - Cannot read IP mode file for STMicroelectronics.X-CUBE-FREERTOS.1.1.0
2024-03-05 07:21:13,233 [WARN] PackLoader:240 - Cannot read IP mode file for portGmbH.I-Cube-SoM-uGOAL.1.1.0
2024-03-05 07:21:13,248 [WARN] PackLoader:240 - Cannot read IP mode file for STMicroelectronics.X-CUBE-ALS.1.0.1
2024-03-05 07:21:13,265 [WARN] PackLoader:240 - Cannot read IP mode file for STMicroelectronics.FP-ATR-ASTRA1.2.0.0
2024-03-05 07:21:13,291 [WARN] PackLoader:240 - Cannot read IP mode file for STMicroelectronics.X-CUBE-TOF1.3.4.0
2024-03-05 07:21:13,324 [WARN] PackLoader:240 - Cannot read IP mode file for STMicroelectronics.X-CUBE-TOF1.3.4.1
2024-03-05 07:21:13,368 [WARN] PackLoader:240 - Cannot read IP mode file for STMicroelectronics.X-CUBE-AZRTOS-H7.3.2.0
2024-03-05 07:21:13,372 [INFO] ThirdParty:978 - Integrity check success = true
2024-03-05 07:21:13,372 [INFO] IntegrityCheckThread:100 - exiting critical section [integrity check]
2024-03-05 07:21:13,372 [INFO] IntegrityCheckThread:103 - End integrity checks thread
2024-03-05 07:21:32,481 [ERROR] LogOutputStream:75 - [STDERR_REDIRECT] SLF4J: Failed to load class "org.slf4j.impl.StaticLoggerBinder".
2024-03-05 07:21:32,482 [ERROR] LogOutputStream:75 - [STDERR_REDIRECT] SLF4J: Defaulting to no-operation (NOP) logger implementation
2024-03-05 07:21:32,484 [ERROR] LogOutputStream:75 - [STDERR_REDIRECT] SLF4J: See http://www.slf4j.org/codes.html#StaticLoggerBinder for further details.
2024-03-05 07:25:23,882 [ERROR] AdobePublisher:162 - Exception while opening the connection: java.net.UnknownHostException: stmicroelectronics.d3.sc.omtrdc.net
2024-03-05 07:25:23,883 [ERROR] AdobePublisher:162 - Exception while opening the connection: java.net.UnknownHostException: stmicroelectronics.d3.sc.omtrdc.net
2024-03-05 07:25:23,883 [ERROR] AdobePublisher:162 - Exception while opening the connection: java.net.UnknownHostException: stmicroelectronics.d3.sc.omtrdc.net
2024-03-05 07:25:23,884 [ERROR] AdobePublisher:162 - Exception while opening the connection: java.net.UnknownHostException: stmicroelectronics.d3.sc.omtrdc.net
2024-03-05 07:25:23,884 [ERROR] AdobePublisher:162 - Exception while opening the connection: java.net.UnknownHostException: stmicroelectronics.d3.sc.omtrdc.net
2024-03-05 07:25:23,904 [ERROR] AdobePublisher:162 - Exception while opening the connection: java.net.UnknownHostException: stmicroelectronics.d3.sc.omtrdc.net
2024-03-05 07:25:23,905 [ERROR] AdobePublisher:162 - Exception while opening the connection: java.net.UnknownHostException: stmicroelectronics.d3.sc.omtrdc.net
2024-03-05 07:25:23,905 [ERROR] AdobePublisher:162 - Exception while opening the connection: java.net.UnknownHostException: stmicroelectronics.d3.sc.omtrdc.net
2024-03-05 07:25:23,906 [ERROR] AdobePublisher:162 - Exception while opening the connection: java.net.UnknownHostException: stmicroelectronics.d3.sc.omtrdc.net
2024-03-05 07:25:23,906 [ERROR] AdobePublisher:162 - Exception while opening the connection: java.net.UnknownHostException: stmicroelectronics.d3.sc.omtrdc.net
2024-03-05 07:25:25,250 [ERROR] LogOutputStream:75 - [STDERR_REDIRECT] 
2024-03-05 07:25:25,251 [ERROR] LogOutputStream:75 - [STDERR_REDIRECT] 
