08:39:43 **** Incremental Build of configuration Debug for project 50STM32U599_Rev1_0 ****
make -j8 all 
arm-none-eabi-size  50STM32U599_Rev1_0.elf 
   text	   data	    bss	    dec	    hex	filename
1658505	    472	 227972	1886949	 1ccae5	50STM32U599_Rev1_0.elf
Finished building: default.size.stdout
 
08:39:48 **** Incremental Build of configuration Debug for project 50STM32U599_Rev1_0 ****
make -j8 all 
arm-none-eabi-size  50STM32U599_Rev1_0.elf 
   text	   data	    bss	    dec	    hex	filename
1658505	    472	 227972	1886949	 1ccae5	50STM32U599_Rev1_0.elf
Finished building: default.size.stdout
 
08:39:56 **** Incremental Build of configuration Debug for project 50STM32U599_Rev1_0 ****
make -j8 all 
arm-none-eabi-size  50STM32U599_Rev1_0.elf 
   text	   data	    bss	    dec	    hex	filename
1658505	    472	 227972	1886949	 1ccae5	50STM32U599_Rev1_0.elf
Finished building: default.size.stdout
 
08:40:36 **** Incremental Build of configuration Debug for project 50STM32U599_Rev1_0 ****
make -j8 all 
arm-none-eabi-size  50STM32U599_Rev1_0.elf 
   text	   data	    bss	    dec	    hex	filename
1658505	    472	 227972	1886949	 1ccae5	50STM32U599_Rev1_0.elf
Finished building: default.size.stdout
 
08:43:07 **** Incremental Build of configuration Debug for project 50STM32U599_Rev1_0 ****
make -j8 all 
arm-none-eabi-size  50STM32U599_Rev1_0.elf 
   text	   data	    bss	    dec	    hex	filename
1658505	    472	 227972	1886949	 1ccae5	50STM32U599_Rev1_0.elf
Finished building: default.size.stdout
 
09:06:39 **** Build of configuration Debug for project 50STM32U599_Rev1_0 ****
make -j8 all 
arm-none-eabi-size  50STM32U599_Rev1_0.elf 
   text	   data	    bss	    dec	    hex	filename
1658505	    472	 227972	1886949	 1ccae5	50STM32U599_Rev1_0.elf
Finished building: default.size.stdout
 
